{"E:\\01.CodingMart_Tasks\\Flipzon-Angular\\server\\src\\Server.js": {"path":"E:\\01.CodingMart_Tasks\\Flipzon-Angular\\server\\src\\Server.js","statementMap":{"0":{"start":{"line":1,"column":0},"end":{"line":1,"column":26}},"1":{"start":{"line":2,"column":14},"end":{"line":2,"column":32}},"2":{"start":{"line":3,"column":10},"end":{"line":3,"column":19}},"3":{"start":{"line":8,"column":17},"end":{"line":8,"column":39}},"4":{"start":{"line":9,"column":0},"end":{"line":9,"column":26}},"5":{"start":{"line":10,"column":0},"end":{"line":10,"column":47}},"6":{"start":{"line":13,"column":0},"end":{"line":17,"column":5}},"7":{"start":{"line":14,"column":4},"end":{"line":14,"column":51}},"8":{"start":{"line":15,"column":4},"end":{"line":15,"column":97}},"9":{"start":{"line":16,"column":4},"end":{"line":16,"column":11}},"10":{"start":{"line":20,"column":12},"end":{"line":20,"column":47}},"11":{"start":{"line":21,"column":0},"end":{"line":21,"column":13}},"12":{"start":{"line":24,"column":17},"end":{"line":24,"column":50}},"13":{"start":{"line":25,"column":18},"end":{"line":25,"column":52}},"14":{"start":{"line":26,"column":0},"end":{"line":26,"column":22}},"15":{"start":{"line":27,"column":0},"end":{"line":27,"column":23}},"16":{"start":{"line":30,"column":11},"end":{"line":32,"column":2}},"17":{"start":{"line":31,"column":2},"end":{"line":31,"column":26}},"18":{"start":{"line":33,"column":0},"end":{"line":33,"column":34}},"19":{"start":{"line":34,"column":0},"end":{"line":34,"column":20}}},"fnMap":{"0":{"name":"(anonymous_0)","decl":{"start":{"line":13,"column":8},"end":{"line":13,"column":9}},"loc":{"start":{"line":13,"column":33},"end":{"line":17,"column":3}},"line":13},"1":{"name":"(anonymous_1)","decl":{"start":{"line":30,"column":27},"end":{"line":30,"column":28}},"loc":{"start":{"line":30,"column":34},"end":{"line":32,"column":1}},"line":30}},"branchMap":{},"s":{"0":2,"1":2,"2":2,"3":2,"4":2,"5":2,"6":2,"7":24,"8":24,"9":24,"10":2,"11":2,"12":2,"13":2,"14":2,"15":2,"16":2,"17":0,"18":2,"19":2},"f":{"0":24,"1":0},"b":{},"_coverageSchema":"1a1c01bbd47fc00a2c39e90264f33305004495a9","hash":"de9c5957e1458a0168b1e86a84ce732ca2d4680c"}
,"E:\\01.CodingMart_Tasks\\Flipzon-Angular\\server\\src\\app.js": {"path":"E:\\01.CodingMart_Tasks\\Flipzon-Angular\\server\\src\\app.js","statementMap":{"0":{"start":{"line":1,"column":13},"end":{"line":1,"column":58}},"1":{"start":{"line":2,"column":13},"end":{"line":2,"column":61}},"2":{"start":{"line":3,"column":18},"end":{"line":3,"column":33}},"3":{"start":{"line":4,"column":15},"end":{"line":4,"column":49}},"4":{"start":{"line":5,"column":15},"end":{"line":5,"column":49}},"5":{"start":{"line":6,"column":15},"end":{"line":6,"column":49}},"6":{"start":{"line":7,"column":10},"end":{"line":7,"column":33}},"7":{"start":{"line":8,"column":16},"end":{"line":8,"column":38}},"8":{"start":{"line":11,"column":0},"end":{"line":18,"column":1}},"9":{"start":{"line":12,"column":4},"end":{"line":12,"column":55}},"10":{"start":{"line":12,"column":37},"end":{"line":12,"column":54}},"11":{"start":{"line":13,"column":4},"end":{"line":17,"column":6}},"12":{"start":{"line":19,"column":0},"end":{"line":61,"column":1}},"13":{"start":{"line":20,"column":0},"end":{"line":20,"column":23}},"14":{"start":{"line":21,"column":0},"end":{"line":21,"column":16}},"15":{"start":{"line":22,"column":2},"end":{"line":59,"column":3}},"16":{"start":{"line":23,"column":6},"end":{"line":23,"column":39}},"17":{"start":{"line":24,"column":6},"end":{"line":32,"column":8}},"18":{"start":{"line":25,"column":8},"end":{"line":31,"column":9}},"19":{"start":{"line":26,"column":12},"end":{"line":26,"column":43}},"20":{"start":{"line":27,"column":12},"end":{"line":27,"column":38}},"21":{"start":{"line":30,"column":12},"end":{"line":30,"column":18}},"22":{"start":{"line":35,"column":2},"end":{"line":35,"column":38}},"23":{"start":{"line":36,"column":2},"end":{"line":58,"column":13}},"24":{"start":{"line":41,"column":4},"end":{"line":56,"column":5}},"25":{"start":{"line":42,"column":8},"end":{"line":42,"column":39}},"26":{"start":{"line":43,"column":8},"end":{"line":43,"column":34}},"27":{"start":{"line":46,"column":8},"end":{"line":55,"column":10}},"28":{"start":{"line":47,"column":8},"end":{"line":54,"column":9}},"29":{"start":{"line":48,"column":12},"end":{"line":48,"column":43}},"30":{"start":{"line":49,"column":12},"end":{"line":49,"column":38}},"31":{"start":{"line":52,"column":12},"end":{"line":52,"column":56}},"32":{"start":{"line":53,"column":12},"end":{"line":53,"column":18}},"33":{"start":{"line":65,"column":0},"end":{"line":72,"column":1}},"34":{"start":{"line":66,"column":2},"end":{"line":66,"column":53}},"35":{"start":{"line":66,"column":35},"end":{"line":66,"column":52}},"36":{"start":{"line":67,"column":2},"end":{"line":71,"column":4}},"37":{"start":{"line":73,"column":0},"end":{"line":117,"column":3}},"38":{"start":{"line":74,"column":2},"end":{"line":74,"column":25}},"39":{"start":{"line":75,"column":2},"end":{"line":75,"column":18}},"40":{"start":{"line":76,"column":4},"end":{"line":115,"column":5}},"41":{"start":{"line":77,"column":6},"end":{"line":77,"column":45}},"42":{"start":{"line":78,"column":6},"end":{"line":86,"column":10}},"43":{"start":{"line":79,"column":8},"end":{"line":85,"column":9}},"44":{"start":{"line":80,"column":12},"end":{"line":80,"column":44}},"45":{"start":{"line":81,"column":12},"end":{"line":81,"column":38}},"46":{"start":{"line":84,"column":12},"end":{"line":84,"column":18}},"47":{"start":{"line":90,"column":4},"end":{"line":114,"column":7}},"48":{"start":{"line":95,"column":6},"end":{"line":112,"column":7}},"49":{"start":{"line":97,"column":10},"end":{"line":97,"column":42}},"50":{"start":{"line":98,"column":10},"end":{"line":98,"column":36}},"51":{"start":{"line":102,"column":10},"end":{"line":111,"column":12}},"52":{"start":{"line":103,"column":10},"end":{"line":110,"column":11}},"53":{"start":{"line":104,"column":14},"end":{"line":104,"column":46}},"54":{"start":{"line":105,"column":14},"end":{"line":105,"column":40}},"55":{"start":{"line":108,"column":14},"end":{"line":108,"column":58}},"56":{"start":{"line":109,"column":14},"end":{"line":109,"column":20}}},"fnMap":{"0":{"name":"(anonymous_0)","decl":{"start":{"line":11,"column":24},"end":{"line":11,"column":25}},"loc":{"start":{"line":11,"column":43},"end":{"line":18,"column":1}},"line":11},"1":{"name":"(anonymous_1)","decl":{"start":{"line":12,"column":31},"end":{"line":12,"column":32}},"loc":{"start":{"line":12,"column":37},"end":{"line":12,"column":54}},"line":12},"2":{"name":"(anonymous_2)","decl":{"start":{"line":19,"column":18},"end":{"line":19,"column":19}},"loc":{"start":{"line":19,"column":40},"end":{"line":61,"column":1}},"line":19},"3":{"name":"(anonymous_3)","decl":{"start":{"line":24,"column":33},"end":{"line":24,"column":34}},"loc":{"start":{"line":24,"column":47},"end":{"line":32,"column":7}},"line":24},"4":{"name":"(anonymous_4)","decl":{"start":{"line":40,"column":10},"end":{"line":40,"column":11}},"loc":{"start":{"line":40,"column":18},"end":{"line":57,"column":5}},"line":40},"5":{"name":"(anonymous_5)","decl":{"start":{"line":46,"column":35},"end":{"line":46,"column":36}},"loc":{"start":{"line":46,"column":55},"end":{"line":55,"column":9}},"line":46},"6":{"name":"(anonymous_6)","decl":{"start":{"line":65,"column":25},"end":{"line":65,"column":26}},"loc":{"start":{"line":65,"column":44},"end":{"line":72,"column":1}},"line":65},"7":{"name":"(anonymous_7)","decl":{"start":{"line":66,"column":29},"end":{"line":66,"column":30}},"loc":{"start":{"line":66,"column":35},"end":{"line":66,"column":52}},"line":66},"8":{"name":"(anonymous_8)","decl":{"start":{"line":73,"column":19},"end":{"line":73,"column":20}},"loc":{"start":{"line":73,"column":41},"end":{"line":117,"column":3}},"line":73},"9":{"name":"(anonymous_9)","decl":{"start":{"line":78,"column":33},"end":{"line":78,"column":34}},"loc":{"start":{"line":78,"column":47},"end":{"line":86,"column":9}},"line":78},"10":{"name":"(anonymous_10)","decl":{"start":{"line":94,"column":12},"end":{"line":94,"column":13}},"loc":{"start":{"line":94,"column":20},"end":{"line":113,"column":7}},"line":94},"11":{"name":"(anonymous_11)","decl":{"start":{"line":102,"column":37},"end":{"line":102,"column":38}},"loc":{"start":{"line":102,"column":57},"end":{"line":111,"column":11}},"line":102}},"branchMap":{"0":{"loc":{"start":{"line":22,"column":2},"end":{"line":59,"column":3}},"type":"if","locations":[{"start":{"line":22,"column":2},"end":{"line":59,"column":3}},{"start":{"line":22,"column":2},"end":{"line":59,"column":3}}],"line":22},"1":{"loc":{"start":{"line":25,"column":8},"end":{"line":31,"column":9}},"type":"if","locations":[{"start":{"line":25,"column":8},"end":{"line":31,"column":9}},{"start":{"line":25,"column":8},"end":{"line":31,"column":9}}],"line":25},"2":{"loc":{"start":{"line":41,"column":4},"end":{"line":56,"column":5}},"type":"if","locations":[{"start":{"line":41,"column":4},"end":{"line":56,"column":5}},{"start":{"line":41,"column":4},"end":{"line":56,"column":5}}],"line":41},"3":{"loc":{"start":{"line":47,"column":8},"end":{"line":54,"column":9}},"type":"if","locations":[{"start":{"line":47,"column":8},"end":{"line":54,"column":9}},{"start":{"line":47,"column":8},"end":{"line":54,"column":9}}],"line":47},"4":{"loc":{"start":{"line":76,"column":4},"end":{"line":115,"column":5}},"type":"if","locations":[{"start":{"line":76,"column":4},"end":{"line":115,"column":5}},{"start":{"line":76,"column":4},"end":{"line":115,"column":5}}],"line":76},"5":{"loc":{"start":{"line":79,"column":8},"end":{"line":85,"column":9}},"type":"if","locations":[{"start":{"line":79,"column":8},"end":{"line":85,"column":9}},{"start":{"line":79,"column":8},"end":{"line":85,"column":9}}],"line":79},"6":{"loc":{"start":{"line":95,"column":6},"end":{"line":112,"column":7}},"type":"if","locations":[{"start":{"line":95,"column":6},"end":{"line":112,"column":7}},{"start":{"line":95,"column":6},"end":{"line":112,"column":7}}],"line":95},"7":{"loc":{"start":{"line":103,"column":10},"end":{"line":110,"column":11}},"type":"if","locations":[{"start":{"line":103,"column":10},"end":{"line":110,"column":11}},{"start":{"line":103,"column":10},"end":{"line":110,"column":11}}],"line":103}},"s":{"0":2,"1":2,"2":2,"3":2,"4":2,"5":2,"6":2,"7":2,"8":2,"9":0,"10":0,"11":0,"12":2,"13":9,"14":9,"15":9,"16":9,"17":9,"18":9,"19":0,"20":0,"21":9,"22":0,"23":0,"24":0,"25":0,"26":0,"27":0,"28":0,"29":0,"30":0,"31":0,"32":0,"33":2,"34":0,"35":0,"36":0,"37":2,"38":9,"39":9,"40":9,"41":9,"42":9,"43":9,"44":0,"45":0,"46":9,"47":0,"48":0,"49":0,"50":0,"51":0,"52":0,"53":0,"54":0,"55":0,"56":0},"f":{"0":0,"1":0,"2":9,"3":9,"4":0,"5":0,"6":0,"7":0,"8":9,"9":9,"10":0,"11":0},"b":{"0":[9,0],"1":[0,9],"2":[0,0],"3":[0,0],"4":[9,0],"5":[0,9],"6":[0,0],"7":[0,0]},"_coverageSchema":"1a1c01bbd47fc00a2c39e90264f33305004495a9","hash":"313d628496d583deeadfef27ba7aa8854744794f"}
,"E:\\01.CodingMart_Tasks\\Flipzon-Angular\\server\\src\\controllers\\AdminController.js": {"path":"E:\\01.CodingMart_Tasks\\Flipzon-Angular\\server\\src\\controllers\\AdminController.js","statementMap":{"0":{"start":{"line":2,"column":13},"end":{"line":2,"column":59}},"1":{"start":{"line":3,"column":13},"end":{"line":3,"column":62}},"2":{"start":{"line":4,"column":18},"end":{"line":4,"column":33}},"3":{"start":{"line":5,"column":15},"end":{"line":5,"column":49}},"4":{"start":{"line":6,"column":15},"end":{"line":6,"column":49}},"5":{"start":{"line":7,"column":15},"end":{"line":7,"column":49}},"6":{"start":{"line":8,"column":13},"end":{"line":8,"column":30}},"7":{"start":{"line":9,"column":23},"end":{"line":9,"column":46}},"8":{"start":{"line":10,"column":10},"end":{"line":10,"column":33}},"9":{"start":{"line":11,"column":16},"end":{"line":11,"column":38}},"10":{"start":{"line":14,"column":0},"end":{"line":41,"column":3}},"11":{"start":{"line":15,"column":4},"end":{"line":15,"column":38}},"12":{"start":{"line":16,"column":4},"end":{"line":16,"column":36}},"13":{"start":{"line":18,"column":4},"end":{"line":40,"column":66}},"14":{"start":{"line":30,"column":8},"end":{"line":30,"column":60}},"15":{"start":{"line":31,"column":8},"end":{"line":31,"column":85}},"16":{"start":{"line":31,"column":67},"end":{"line":31,"column":84}},"17":{"start":{"line":32,"column":8},"end":{"line":38,"column":68}},"18":{"start":{"line":38,"column":23},"end":{"line":38,"column":40}},"19":{"start":{"line":38,"column":40},"end":{"line":38,"column":66}},"20":{"start":{"line":39,"column":8},"end":{"line":39,"column":32}},"21":{"start":{"line":40,"column":21},"end":{"line":40,"column":38}},"22":{"start":{"line":40,"column":38},"end":{"line":40,"column":64}},"23":{"start":{"line":43,"column":0},"end":{"line":50,"column":3}},"24":{"start":{"line":44,"column":2},"end":{"line":44,"column":53}},"25":{"start":{"line":44,"column":35},"end":{"line":44,"column":52}},"26":{"start":{"line":45,"column":2},"end":{"line":49,"column":88}},"27":{"start":{"line":49,"column":17},"end":{"line":49,"column":45}},"28":{"start":{"line":49,"column":60},"end":{"line":49,"column":86}},"29":{"start":{"line":52,"column":0},"end":{"line":58,"column":3}},"30":{"start":{"line":53,"column":8},"end":{"line":57,"column":108}},"31":{"start":{"line":57,"column":25},"end":{"line":57,"column":48}},"32":{"start":{"line":57,"column":63},"end":{"line":57,"column":80}},"33":{"start":{"line":57,"column":80},"end":{"line":57,"column":106}},"34":{"start":{"line":60,"column":0},"end":{"line":70,"column":3}},"35":{"start":{"line":61,"column":4},"end":{"line":61,"column":30}},"36":{"start":{"line":62,"column":4},"end":{"line":68,"column":64}},"37":{"start":{"line":67,"column":6},"end":{"line":67,"column":33}},"38":{"start":{"line":68,"column":19},"end":{"line":68,"column":36}},"39":{"start":{"line":68,"column":36},"end":{"line":68,"column":62}},"40":{"start":{"line":72,"column":0},"end":{"line":78,"column":3}},"41":{"start":{"line":73,"column":4},"end":{"line":77,"column":100}},"42":{"start":{"line":77,"column":19},"end":{"line":77,"column":40}},"43":{"start":{"line":77,"column":55},"end":{"line":77,"column":72}},"44":{"start":{"line":77,"column":72},"end":{"line":77,"column":98}},"45":{"start":{"line":80,"column":0},"end":{"line":96,"column":1}},"46":{"start":{"line":81,"column":4},"end":{"line":81,"column":43}},"47":{"start":{"line":82,"column":4},"end":{"line":82,"column":30}},"48":{"start":{"line":84,"column":4},"end":{"line":95,"column":64}},"49":{"start":{"line":90,"column":6},"end":{"line":94,"column":102}},"50":{"start":{"line":94,"column":21},"end":{"line":94,"column":42}},"51":{"start":{"line":94,"column":57},"end":{"line":94,"column":74}},"52":{"start":{"line":94,"column":74},"end":{"line":94,"column":100}},"53":{"start":{"line":95,"column":19},"end":{"line":95,"column":36}},"54":{"start":{"line":95,"column":36},"end":{"line":95,"column":62}},"55":{"start":{"line":98,"column":0},"end":{"line":125,"column":3}},"56":{"start":{"line":99,"column":4},"end":{"line":124,"column":64}},"57":{"start":{"line":100,"column":6},"end":{"line":122,"column":7}},"58":{"start":{"line":101,"column":8},"end":{"line":110,"column":68}},"59":{"start":{"line":109,"column":10},"end":{"line":109,"column":36}},"60":{"start":{"line":110,"column":23},"end":{"line":110,"column":40}},"61":{"start":{"line":110,"column":40},"end":{"line":110,"column":66}},"62":{"start":{"line":112,"column":8},"end":{"line":121,"column":68}},"63":{"start":{"line":120,"column":10},"end":{"line":120,"column":36}},"64":{"start":{"line":121,"column":23},"end":{"line":121,"column":40}},"65":{"start":{"line":121,"column":40},"end":{"line":121,"column":66}},"66":{"start":{"line":123,"column":6},"end":{"line":123,"column":27}},"67":{"start":{"line":124,"column":19},"end":{"line":124,"column":36}},"68":{"start":{"line":124,"column":36},"end":{"line":124,"column":62}},"69":{"start":{"line":127,"column":0},"end":{"line":170,"column":1}},"70":{"start":{"line":128,"column":4},"end":{"line":128,"column":25}},"71":{"start":{"line":129,"column":4},"end":{"line":129,"column":36}},"72":{"start":{"line":130,"column":4},"end":{"line":130,"column":36}},"73":{"start":{"line":131,"column":4},"end":{"line":131,"column":22}},"74":{"start":{"line":132,"column":4},"end":{"line":132,"column":26}},"75":{"start":{"line":133,"column":4},"end":{"line":133,"column":13}},"76":{"start":{"line":135,"column":4},"end":{"line":137,"column":5}},"77":{"start":{"line":136,"column":6},"end":{"line":136,"column":32}},"78":{"start":{"line":139,"column":4},"end":{"line":169,"column":64}},"79":{"start":{"line":147,"column":6},"end":{"line":147,"column":21}},"80":{"start":{"line":148,"column":6},"end":{"line":168,"column":8}},"81":{"start":{"line":156,"column":8},"end":{"line":156,"column":23}},"82":{"start":{"line":157,"column":8},"end":{"line":167,"column":111}},"83":{"start":{"line":167,"column":23},"end":{"line":167,"column":51}},"84":{"start":{"line":167,"column":66},"end":{"line":167,"column":83}},"85":{"start":{"line":167,"column":83},"end":{"line":167,"column":109}},"86":{"start":{"line":169,"column":19},"end":{"line":169,"column":36}},"87":{"start":{"line":169,"column":36},"end":{"line":169,"column":62}},"88":{"start":{"line":172,"column":0},"end":{"line":191,"column":1}},"89":{"start":{"line":173,"column":4},"end":{"line":173,"column":16}},"90":{"start":{"line":174,"column":4},"end":{"line":174,"column":20}},"91":{"start":{"line":175,"column":4},"end":{"line":190,"column":64}},"92":{"start":{"line":176,"column":6},"end":{"line":188,"column":7}},"93":{"start":{"line":177,"column":8},"end":{"line":187,"column":68}},"94":{"start":{"line":183,"column":10},"end":{"line":186,"column":11}},"95":{"start":{"line":184,"column":10},"end":{"line":184,"column":39}},"96":{"start":{"line":185,"column":10},"end":{"line":185,"column":30}},"97":{"start":{"line":187,"column":23},"end":{"line":187,"column":40}},"98":{"start":{"line":187,"column":40},"end":{"line":187,"column":66}},"99":{"start":{"line":189,"column":6},"end":{"line":189,"column":32}},"100":{"start":{"line":190,"column":19},"end":{"line":190,"column":36}},"101":{"start":{"line":190,"column":36},"end":{"line":190,"column":62}},"102":{"start":{"line":193,"column":0},"end":{"line":209,"column":1}},"103":{"start":{"line":194,"column":4},"end":{"line":194,"column":30}},"104":{"start":{"line":195,"column":4},"end":{"line":195,"column":60}},"105":{"start":{"line":196,"column":4},"end":{"line":196,"column":60}},"106":{"start":{"line":198,"column":4},"end":{"line":207,"column":107}},"107":{"start":{"line":207,"column":19},"end":{"line":207,"column":47}},"108":{"start":{"line":207,"column":62},"end":{"line":207,"column":79}},"109":{"start":{"line":207,"column":79},"end":{"line":207,"column":105}}},"fnMap":{"0":{"name":"(anonymous_0)","decl":{"start":{"line":14,"column":19},"end":{"line":14,"column":20}},"loc":{"start":{"line":14,"column":35},"end":{"line":41,"column":3}},"line":14},"1":{"name":"(anonymous_1)","decl":{"start":{"line":29,"column":14},"end":{"line":29,"column":15}},"loc":{"start":{"line":29,"column":28},"end":{"line":40,"column":7}},"line":29},"2":{"name":"(anonymous_2)","decl":{"start":{"line":31,"column":61},"end":{"line":31,"column":62}},"loc":{"start":{"line":31,"column":67},"end":{"line":31,"column":84}},"line":31},"3":{"name":"(anonymous_3)","decl":{"start":{"line":38,"column":17},"end":{"line":38,"column":18}},"loc":{"start":{"line":38,"column":22},"end":{"line":38,"column":67}},"line":38},"4":{"name":"(anonymous_4)","decl":{"start":{"line":40,"column":15},"end":{"line":40,"column":16}},"loc":{"start":{"line":40,"column":20},"end":{"line":40,"column":65}},"line":40},"5":{"name":"(anonymous_5)","decl":{"start":{"line":43,"column":20},"end":{"line":43,"column":21}},"loc":{"start":{"line":43,"column":36},"end":{"line":50,"column":3}},"line":43},"6":{"name":"(anonymous_6)","decl":{"start":{"line":44,"column":29},"end":{"line":44,"column":30}},"loc":{"start":{"line":44,"column":35},"end":{"line":44,"column":52}},"line":44},"7":{"name":"(anonymous_7)","decl":{"start":{"line":49,"column":10},"end":{"line":49,"column":11}},"loc":{"start":{"line":49,"column":16},"end":{"line":49,"column":46}},"line":49},"8":{"name":"(anonymous_8)","decl":{"start":{"line":49,"column":54},"end":{"line":49,"column":55}},"loc":{"start":{"line":49,"column":59},"end":{"line":49,"column":87}},"line":49},"9":{"name":"(anonymous_9)","decl":{"start":{"line":52,"column":22},"end":{"line":52,"column":23}},"loc":{"start":{"line":52,"column":38},"end":{"line":58,"column":3}},"line":52},"10":{"name":"(anonymous_10)","decl":{"start":{"line":57,"column":16},"end":{"line":57,"column":17}},"loc":{"start":{"line":57,"column":24},"end":{"line":57,"column":49}},"line":57},"11":{"name":"(anonymous_11)","decl":{"start":{"line":57,"column":57},"end":{"line":57,"column":58}},"loc":{"start":{"line":57,"column":62},"end":{"line":57,"column":107}},"line":57},"12":{"name":"(anonymous_12)","decl":{"start":{"line":60,"column":20},"end":{"line":60,"column":21}},"loc":{"start":{"line":60,"column":37},"end":{"line":70,"column":3}},"line":60},"13":{"name":"(anonymous_13)","decl":{"start":{"line":66,"column":12},"end":{"line":66,"column":13}},"loc":{"start":{"line":66,"column":18},"end":{"line":68,"column":5}},"line":66},"14":{"name":"(anonymous_14)","decl":{"start":{"line":68,"column":13},"end":{"line":68,"column":14}},"loc":{"start":{"line":68,"column":18},"end":{"line":68,"column":63}},"line":68},"15":{"name":"(anonymous_15)","decl":{"start":{"line":72,"column":18},"end":{"line":72,"column":19}},"loc":{"start":{"line":72,"column":35},"end":{"line":78,"column":3}},"line":72},"16":{"name":"(anonymous_16)","decl":{"start":{"line":77,"column":12},"end":{"line":77,"column":13}},"loc":{"start":{"line":77,"column":18},"end":{"line":77,"column":41}},"line":77},"17":{"name":"(anonymous_17)","decl":{"start":{"line":77,"column":49},"end":{"line":77,"column":50}},"loc":{"start":{"line":77,"column":54},"end":{"line":77,"column":99}},"line":77},"18":{"name":"(anonymous_18)","decl":{"start":{"line":80,"column":17},"end":{"line":80,"column":18}},"loc":{"start":{"line":80,"column":34},"end":{"line":96,"column":1}},"line":80},"19":{"name":"(anonymous_19)","decl":{"start":{"line":89,"column":12},"end":{"line":89,"column":13}},"loc":{"start":{"line":89,"column":24},"end":{"line":95,"column":5}},"line":89},"20":{"name":"(anonymous_20)","decl":{"start":{"line":94,"column":14},"end":{"line":94,"column":15}},"loc":{"start":{"line":94,"column":20},"end":{"line":94,"column":43}},"line":94},"21":{"name":"(anonymous_21)","decl":{"start":{"line":94,"column":51},"end":{"line":94,"column":52}},"loc":{"start":{"line":94,"column":56},"end":{"line":94,"column":101}},"line":94},"22":{"name":"(anonymous_22)","decl":{"start":{"line":95,"column":13},"end":{"line":95,"column":14}},"loc":{"start":{"line":95,"column":18},"end":{"line":95,"column":63}},"line":95},"23":{"name":"(anonymous_23)","decl":{"start":{"line":98,"column":20},"end":{"line":98,"column":21}},"loc":{"start":{"line":98,"column":37},"end":{"line":125,"column":3}},"line":98},"24":{"name":"(anonymous_24)","decl":{"start":{"line":99,"column":42},"end":{"line":99,"column":43}},"loc":{"start":{"line":99,"column":54},"end":{"line":124,"column":5}},"line":99},"25":{"name":"(anonymous_25)","decl":{"start":{"line":108,"column":16},"end":{"line":108,"column":17}},"loc":{"start":{"line":108,"column":24},"end":{"line":110,"column":9}},"line":108},"26":{"name":"(anonymous_26)","decl":{"start":{"line":110,"column":17},"end":{"line":110,"column":18}},"loc":{"start":{"line":110,"column":22},"end":{"line":110,"column":67}},"line":110},"27":{"name":"(anonymous_27)","decl":{"start":{"line":119,"column":16},"end":{"line":119,"column":17}},"loc":{"start":{"line":119,"column":24},"end":{"line":121,"column":9}},"line":119},"28":{"name":"(anonymous_28)","decl":{"start":{"line":121,"column":17},"end":{"line":121,"column":18}},"loc":{"start":{"line":121,"column":22},"end":{"line":121,"column":67}},"line":121},"29":{"name":"(anonymous_29)","decl":{"start":{"line":124,"column":13},"end":{"line":124,"column":14}},"loc":{"start":{"line":124,"column":18},"end":{"line":124,"column":63}},"line":124},"30":{"name":"(anonymous_30)","decl":{"start":{"line":127,"column":22},"end":{"line":127,"column":23}},"loc":{"start":{"line":127,"column":39},"end":{"line":170,"column":1}},"line":127},"31":{"name":"(anonymous_31)","decl":{"start":{"line":146,"column":12},"end":{"line":146,"column":13}},"loc":{"start":{"line":146,"column":24},"end":{"line":169,"column":5}},"line":146},"32":{"name":"(anonymous_32)","decl":{"start":{"line":155,"column":14},"end":{"line":155,"column":15}},"loc":{"start":{"line":155,"column":26},"end":{"line":168,"column":7}},"line":155},"33":{"name":"(anonymous_33)","decl":{"start":{"line":167,"column":16},"end":{"line":167,"column":17}},"loc":{"start":{"line":167,"column":22},"end":{"line":167,"column":52}},"line":167},"34":{"name":"(anonymous_34)","decl":{"start":{"line":167,"column":60},"end":{"line":167,"column":61}},"loc":{"start":{"line":167,"column":65},"end":{"line":167,"column":110}},"line":167},"35":{"name":"(anonymous_35)","decl":{"start":{"line":169,"column":13},"end":{"line":169,"column":14}},"loc":{"start":{"line":169,"column":18},"end":{"line":169,"column":63}},"line":169},"36":{"name":"(anonymous_36)","decl":{"start":{"line":172,"column":18},"end":{"line":172,"column":19}},"loc":{"start":{"line":172,"column":35},"end":{"line":191,"column":1}},"line":172},"37":{"name":"(anonymous_37)","decl":{"start":{"line":175,"column":37},"end":{"line":175,"column":38}},"loc":{"start":{"line":175,"column":49},"end":{"line":190,"column":5}},"line":175},"38":{"name":"(anonymous_38)","decl":{"start":{"line":182,"column":16},"end":{"line":182,"column":17}},"loc":{"start":{"line":182,"column":24},"end":{"line":187,"column":9}},"line":182},"39":{"name":"(anonymous_39)","decl":{"start":{"line":187,"column":17},"end":{"line":187,"column":18}},"loc":{"start":{"line":187,"column":22},"end":{"line":187,"column":67}},"line":187},"40":{"name":"(anonymous_40)","decl":{"start":{"line":190,"column":13},"end":{"line":190,"column":14}},"loc":{"start":{"line":190,"column":18},"end":{"line":190,"column":63}},"line":190},"41":{"name":"(anonymous_41)","decl":{"start":{"line":193,"column":17},"end":{"line":193,"column":18}},"loc":{"start":{"line":193,"column":34},"end":{"line":209,"column":1}},"line":193},"42":{"name":"(anonymous_42)","decl":{"start":{"line":207,"column":12},"end":{"line":207,"column":13}},"loc":{"start":{"line":207,"column":18},"end":{"line":207,"column":48}},"line":207},"43":{"name":"(anonymous_43)","decl":{"start":{"line":207,"column":56},"end":{"line":207,"column":57}},"loc":{"start":{"line":207,"column":61},"end":{"line":207,"column":106}},"line":207}},"branchMap":{"0":{"loc":{"start":{"line":183,"column":10},"end":{"line":186,"column":11}},"type":"if","locations":[{"start":{"line":183,"column":10},"end":{"line":186,"column":11}},{"start":{"line":183,"column":10},"end":{"line":186,"column":11}}],"line":183}},"s":{"0":2,"1":2,"2":2,"3":2,"4":2,"5":2,"6":2,"7":2,"8":2,"9":2,"10":2,"11":1,"12":1,"13":1,"14":1,"15":1,"16":1,"17":1,"18":0,"19":0,"20":1,"21":0,"22":0,"23":2,"24":1,"25":1,"26":1,"27":1,"28":0,"29":2,"30":2,"31":2,"32":0,"33":0,"34":2,"35":1,"36":1,"37":1,"38":0,"39":0,"40":2,"41":1,"42":1,"43":0,"44":0,"45":2,"46":1,"47":1,"48":1,"49":1,"50":1,"51":0,"52":0,"53":0,"54":0,"55":2,"56":1,"57":1,"58":17,"59":17,"60":0,"61":0,"62":17,"63":17,"64":0,"65":0,"66":1,"67":0,"68":0,"69":2,"70":1,"71":1,"72":1,"73":1,"74":1,"75":1,"76":1,"77":1,"78":1,"79":0,"80":0,"81":0,"82":0,"83":0,"84":0,"85":0,"86":0,"87":0,"88":2,"89":1,"90":1,"91":1,"92":1,"93":20,"94":20,"95":0,"96":0,"97":0,"98":0,"99":1,"100":0,"101":0,"102":2,"103":1,"104":1,"105":1,"106":1,"107":1,"108":0,"109":0},"f":{"0":1,"1":1,"2":1,"3":0,"4":0,"5":1,"6":1,"7":1,"8":0,"9":2,"10":2,"11":0,"12":1,"13":1,"14":0,"15":1,"16":1,"17":0,"18":1,"19":1,"20":1,"21":0,"22":0,"23":1,"24":1,"25":17,"26":0,"27":17,"28":0,"29":0,"30":1,"31":0,"32":0,"33":0,"34":0,"35":0,"36":1,"37":1,"38":20,"39":0,"40":0,"41":1,"42":1,"43":0},"b":{"0":[0,20]},"_coverageSchema":"1a1c01bbd47fc00a2c39e90264f33305004495a9","hash":"5cf9304b0c1269f35bc21b7a881034a1a60e2be1"}
,"E:\\01.CodingMart_Tasks\\Flipzon-Angular\\server\\src\\controllers\\UserController.js": {"path":"E:\\01.CodingMart_Tasks\\Flipzon-Angular\\server\\src\\controllers\\UserController.js","statementMap":{"0":{"start":{"line":1,"column":13},"end":{"line":1,"column":59}},"1":{"start":{"line":2,"column":13},"end":{"line":2,"column":62}},"2":{"start":{"line":3,"column":18},"end":{"line":3,"column":33}},"3":{"start":{"line":4,"column":15},"end":{"line":4,"column":49}},"4":{"start":{"line":5,"column":15},"end":{"line":5,"column":49}},"5":{"start":{"line":6,"column":15},"end":{"line":6,"column":49}},"6":{"start":{"line":7,"column":13},"end":{"line":7,"column":30}},"7":{"start":{"line":9,"column":22},"end":{"line":9,"column":44}},"8":{"start":{"line":10,"column":10},"end":{"line":10,"column":33}},"9":{"start":{"line":11,"column":16},"end":{"line":11,"column":38}},"10":{"start":{"line":15,"column":0},"end":{"line":60,"column":3}},"11":{"start":{"line":16,"column":4},"end":{"line":16,"column":27}},"12":{"start":{"line":17,"column":4},"end":{"line":17,"column":29}},"13":{"start":{"line":18,"column":4},"end":{"line":18,"column":33}},"14":{"start":{"line":19,"column":4},"end":{"line":19,"column":29}},"15":{"start":{"line":20,"column":4},"end":{"line":20,"column":35}},"16":{"start":{"line":22,"column":4},"end":{"line":59,"column":8}},"17":{"start":{"line":27,"column":10},"end":{"line":58,"column":11}},"18":{"start":{"line":28,"column":12},"end":{"line":54,"column":14}},"19":{"start":{"line":37,"column":14},"end":{"line":53,"column":17}},"20":{"start":{"line":38,"column":16},"end":{"line":42,"column":17}},"21":{"start":{"line":43,"column":18},"end":{"line":43,"column":65}},"22":{"start":{"line":44,"column":18},"end":{"line":44,"column":90}},"23":{"start":{"line":44,"column":72},"end":{"line":44,"column":89}},"24":{"start":{"line":45,"column":18},"end":{"line":51,"column":61}},"25":{"start":{"line":51,"column":33},"end":{"line":51,"column":59}},"26":{"start":{"line":52,"column":18},"end":{"line":52,"column":42}},"27":{"start":{"line":57,"column":12},"end":{"line":57,"column":31}},"28":{"start":{"line":62,"column":0},"end":{"line":89,"column":1}},"29":{"start":{"line":63,"column":6},"end":{"line":63,"column":37}},"30":{"start":{"line":64,"column":6},"end":{"line":64,"column":37}},"31":{"start":{"line":65,"column":6},"end":{"line":87,"column":66}},"32":{"start":{"line":77,"column":8},"end":{"line":77,"column":60}},"33":{"start":{"line":78,"column":8},"end":{"line":78,"column":85}},"34":{"start":{"line":78,"column":67},"end":{"line":78,"column":84}},"35":{"start":{"line":79,"column":8},"end":{"line":85,"column":68}},"36":{"start":{"line":85,"column":23},"end":{"line":85,"column":40}},"37":{"start":{"line":85,"column":40},"end":{"line":85,"column":66}},"38":{"start":{"line":86,"column":8},"end":{"line":86,"column":32}},"39":{"start":{"line":87,"column":21},"end":{"line":87,"column":38}},"40":{"start":{"line":87,"column":38},"end":{"line":87,"column":64}},"41":{"start":{"line":91,"column":0},"end":{"line":98,"column":1}},"42":{"start":{"line":92,"column":4},"end":{"line":92,"column":55}},"43":{"start":{"line":92,"column":37},"end":{"line":92,"column":54}},"44":{"start":{"line":93,"column":4},"end":{"line":97,"column":90}},"45":{"start":{"line":97,"column":19},"end":{"line":97,"column":47}},"46":{"start":{"line":97,"column":62},"end":{"line":97,"column":88}},"47":{"start":{"line":100,"column":0},"end":{"line":133,"column":3}},"48":{"start":{"line":101,"column":4},"end":{"line":101,"column":35}},"49":{"start":{"line":102,"column":4},"end":{"line":102,"column":16}},"50":{"start":{"line":103,"column":4},"end":{"line":131,"column":62}},"51":{"start":{"line":112,"column":4},"end":{"line":130,"column":64}},"52":{"start":{"line":117,"column":6},"end":{"line":128,"column":7}},"53":{"start":{"line":118,"column":8},"end":{"line":118,"column":42}},"54":{"start":{"line":119,"column":8},"end":{"line":127,"column":68}},"55":{"start":{"line":124,"column":10},"end":{"line":126,"column":11}},"56":{"start":{"line":125,"column":10},"end":{"line":125,"column":33}},"57":{"start":{"line":127,"column":23},"end":{"line":127,"column":40}},"58":{"start":{"line":127,"column":40},"end":{"line":127,"column":66}},"59":{"start":{"line":129,"column":6},"end":{"line":129,"column":20}},"60":{"start":{"line":130,"column":19},"end":{"line":130,"column":36}},"61":{"start":{"line":130,"column":36},"end":{"line":130,"column":62}},"62":{"start":{"line":131,"column":17},"end":{"line":131,"column":34}},"63":{"start":{"line":131,"column":34},"end":{"line":131,"column":60}},"64":{"start":{"line":132,"column":2},"end":{"line":132,"column":28}},"65":{"start":{"line":135,"column":2},"end":{"line":167,"column":3}},"66":{"start":{"line":136,"column":4},"end":{"line":136,"column":37}},"67":{"start":{"line":137,"column":4},"end":{"line":166,"column":64}},"68":{"start":{"line":142,"column":6},"end":{"line":142,"column":21}},"69":{"start":{"line":143,"column":6},"end":{"line":143,"column":21}},"70":{"start":{"line":144,"column":6},"end":{"line":153,"column":8}},"71":{"start":{"line":152,"column":8},"end":{"line":152,"column":42}},"72":{"start":{"line":154,"column":6},"end":{"line":163,"column":8}},"73":{"start":{"line":162,"column":8},"end":{"line":162,"column":33}},"74":{"start":{"line":165,"column":6},"end":{"line":165,"column":27}},"75":{"start":{"line":166,"column":19},"end":{"line":166,"column":36}},"76":{"start":{"line":166,"column":36},"end":{"line":166,"column":62}},"77":{"start":{"line":169,"column":17},"end":{"line":169,"column":145}},"78":{"start":{"line":170,"column":2},"end":{"line":201,"column":1}},"79":{"start":{"line":171,"column":4},"end":{"line":171,"column":25}},"80":{"start":{"line":172,"column":4},"end":{"line":172,"column":25}},"81":{"start":{"line":173,"column":4},"end":{"line":173,"column":35}},"82":{"start":{"line":174,"column":4},"end":{"line":174,"column":37}},"83":{"start":{"line":175,"column":4},"end":{"line":175,"column":39}},"84":{"start":{"line":176,"column":4},"end":{"line":200,"column":7}},"85":{"start":{"line":182,"column":8},"end":{"line":196,"column":7}},"86":{"start":{"line":183,"column":12},"end":{"line":191,"column":97}},"87":{"start":{"line":191,"column":27},"end":{"line":191,"column":54}},"88":{"start":{"line":191,"column":69},"end":{"line":191,"column":95}},"89":{"start":{"line":195,"column":8},"end":{"line":195,"column":35}},"90":{"start":{"line":199,"column":6},"end":{"line":199,"column":25}},"91":{"start":{"line":203,"column":0},"end":{"line":225,"column":1}},"92":{"start":{"line":204,"column":4},"end":{"line":204,"column":28}},"93":{"start":{"line":205,"column":4},"end":{"line":205,"column":28}},"94":{"start":{"line":207,"column":4},"end":{"line":224,"column":64}},"95":{"start":{"line":213,"column":6},"end":{"line":223,"column":7}},"96":{"start":{"line":214,"column":8},"end":{"line":219,"column":57}},"97":{"start":{"line":219,"column":23},"end":{"line":219,"column":55}},"98":{"start":{"line":222,"column":8},"end":{"line":222,"column":34}},"99":{"start":{"line":224,"column":19},"end":{"line":224,"column":36}},"100":{"start":{"line":224,"column":36},"end":{"line":224,"column":62}},"101":{"start":{"line":227,"column":0},"end":{"line":275,"column":1}},"102":{"start":{"line":228,"column":4},"end":{"line":228,"column":21}},"103":{"start":{"line":229,"column":4},"end":{"line":274,"column":64}},"104":{"start":{"line":234,"column":6},"end":{"line":272,"column":7}},"105":{"start":{"line":235,"column":8},"end":{"line":241,"column":10}},"106":{"start":{"line":240,"column":10},"end":{"line":240,"column":36}},"107":{"start":{"line":243,"column":8},"end":{"line":249,"column":10}},"108":{"start":{"line":248,"column":10},"end":{"line":248,"column":36}},"109":{"start":{"line":251,"column":8},"end":{"line":260,"column":10}},"110":{"start":{"line":259,"column":10},"end":{"line":259,"column":36}},"111":{"start":{"line":262,"column":8},"end":{"line":271,"column":10}},"112":{"start":{"line":270,"column":10},"end":{"line":270,"column":36}},"113":{"start":{"line":273,"column":6},"end":{"line":273,"column":27}},"114":{"start":{"line":274,"column":19},"end":{"line":274,"column":36}},"115":{"start":{"line":274,"column":36},"end":{"line":274,"column":62}},"116":{"start":{"line":278,"column":0},"end":{"line":328,"column":1}},"117":{"start":{"line":279,"column":4},"end":{"line":279,"column":25}},"118":{"start":{"line":280,"column":4},"end":{"line":280,"column":31}},"119":{"start":{"line":281,"column":4},"end":{"line":327,"column":64}},"120":{"start":{"line":287,"column":6},"end":{"line":325,"column":7}},"121":{"start":{"line":288,"column":8},"end":{"line":294,"column":10}},"122":{"start":{"line":293,"column":10},"end":{"line":293,"column":36}},"123":{"start":{"line":296,"column":8},"end":{"line":302,"column":10}},"124":{"start":{"line":301,"column":10},"end":{"line":301,"column":36}},"125":{"start":{"line":304,"column":8},"end":{"line":313,"column":10}},"126":{"start":{"line":312,"column":10},"end":{"line":312,"column":36}},"127":{"start":{"line":315,"column":8},"end":{"line":324,"column":10}},"128":{"start":{"line":323,"column":10},"end":{"line":323,"column":36}},"129":{"start":{"line":326,"column":6},"end":{"line":326,"column":27}},"130":{"start":{"line":327,"column":19},"end":{"line":327,"column":36}},"131":{"start":{"line":327,"column":36},"end":{"line":327,"column":62}},"132":{"start":{"line":330,"column":0},"end":{"line":339,"column":1}},"133":{"start":{"line":331,"column":4},"end":{"line":331,"column":25}},"134":{"start":{"line":332,"column":4},"end":{"line":332,"column":25}},"135":{"start":{"line":334,"column":4},"end":{"line":338,"column":97}},"136":{"start":{"line":338,"column":19},"end":{"line":338,"column":37}},"137":{"start":{"line":338,"column":52},"end":{"line":338,"column":69}},"138":{"start":{"line":338,"column":69},"end":{"line":338,"column":95}},"139":{"start":{"line":341,"column":0},"end":{"line":348,"column":1}},"140":{"start":{"line":342,"column":4},"end":{"line":342,"column":21}},"141":{"start":{"line":343,"column":4},"end":{"line":347,"column":109}},"142":{"start":{"line":347,"column":19},"end":{"line":347,"column":49}},"143":{"start":{"line":347,"column":64},"end":{"line":347,"column":81}},"144":{"start":{"line":347,"column":81},"end":{"line":347,"column":107}},"145":{"start":{"line":350,"column":0},"end":{"line":358,"column":1}},"146":{"start":{"line":351,"column":4},"end":{"line":351,"column":32}},"147":{"start":{"line":352,"column":4},"end":{"line":357,"column":107}},"148":{"start":{"line":357,"column":19},"end":{"line":357,"column":47}},"149":{"start":{"line":357,"column":62},"end":{"line":357,"column":79}},"150":{"start":{"line":357,"column":79},"end":{"line":357,"column":105}},"151":{"start":{"line":360,"column":0},"end":{"line":391,"column":3}},"152":{"start":{"line":361,"column":4},"end":{"line":390,"column":64}},"153":{"start":{"line":366,"column":6},"end":{"line":388,"column":7}},"154":{"start":{"line":367,"column":10},"end":{"line":376,"column":12}},"155":{"start":{"line":375,"column":12},"end":{"line":375,"column":38}},"156":{"start":{"line":378,"column":10},"end":{"line":387,"column":12}},"157":{"start":{"line":386,"column":12},"end":{"line":386,"column":38}},"158":{"start":{"line":389,"column":6},"end":{"line":389,"column":27}},"159":{"start":{"line":390,"column":19},"end":{"line":390,"column":36}},"160":{"start":{"line":390,"column":36},"end":{"line":390,"column":62}},"161":{"start":{"line":393,"column":0},"end":{"line":416,"column":3}},"162":{"start":{"line":394,"column":4},"end":{"line":394,"column":21}},"163":{"start":{"line":395,"column":4},"end":{"line":415,"column":64}},"164":{"start":{"line":400,"column":8},"end":{"line":413,"column":9}},"165":{"start":{"line":401,"column":10},"end":{"line":412,"column":12}},"166":{"start":{"line":410,"column":12},"end":{"line":410,"column":33}},"167":{"start":{"line":411,"column":12},"end":{"line":411,"column":35}},"168":{"start":{"line":414,"column":8},"end":{"line":414,"column":29}},"169":{"start":{"line":415,"column":19},"end":{"line":415,"column":36}},"170":{"start":{"line":415,"column":36},"end":{"line":415,"column":62}},"171":{"start":{"line":418,"column":0},"end":{"line":427,"column":3}},"172":{"start":{"line":419,"column":4},"end":{"line":419,"column":21}},"173":{"start":{"line":421,"column":4},"end":{"line":425,"column":100}},"174":{"start":{"line":425,"column":19},"end":{"line":425,"column":40}},"175":{"start":{"line":425,"column":55},"end":{"line":425,"column":72}},"176":{"start":{"line":425,"column":72},"end":{"line":425,"column":98}}},"fnMap":{"0":{"name":"(anonymous_0)","decl":{"start":{"line":15,"column":21},"end":{"line":15,"column":22}},"loc":{"start":{"line":15,"column":38},"end":{"line":60,"column":3}},"line":15},"1":{"name":"(anonymous_1)","decl":{"start":{"line":26,"column":12},"end":{"line":26,"column":13}},"loc":{"start":{"line":26,"column":26},"end":{"line":59,"column":7}},"line":26},"2":{"name":"(anonymous_2)","decl":{"start":{"line":36,"column":20},"end":{"line":36,"column":21}},"loc":{"start":{"line":36,"column":34},"end":{"line":54,"column":13}},"line":36},"3":{"name":"(anonymous_3)","decl":{"start":{"line":44,"column":66},"end":{"line":44,"column":67}},"loc":{"start":{"line":44,"column":72},"end":{"line":44,"column":89}},"line":44},"4":{"name":"(anonymous_4)","decl":{"start":{"line":51,"column":27},"end":{"line":51,"column":28}},"loc":{"start":{"line":51,"column":32},"end":{"line":51,"column":60}},"line":51},"5":{"name":"(anonymous_5)","decl":{"start":{"line":62,"column":18},"end":{"line":62,"column":19}},"loc":{"start":{"line":62,"column":35},"end":{"line":89,"column":1}},"line":62},"6":{"name":"(anonymous_6)","decl":{"start":{"line":76,"column":14},"end":{"line":76,"column":15}},"loc":{"start":{"line":76,"column":28},"end":{"line":87,"column":7}},"line":76},"7":{"name":"(anonymous_7)","decl":{"start":{"line":78,"column":61},"end":{"line":78,"column":62}},"loc":{"start":{"line":78,"column":67},"end":{"line":78,"column":84}},"line":78},"8":{"name":"(anonymous_8)","decl":{"start":{"line":85,"column":17},"end":{"line":85,"column":18}},"loc":{"start":{"line":85,"column":22},"end":{"line":85,"column":67}},"line":85},"9":{"name":"(anonymous_9)","decl":{"start":{"line":87,"column":15},"end":{"line":87,"column":16}},"loc":{"start":{"line":87,"column":20},"end":{"line":87,"column":65}},"line":87},"10":{"name":"(anonymous_10)","decl":{"start":{"line":91,"column":19},"end":{"line":91,"column":20}},"loc":{"start":{"line":91,"column":36},"end":{"line":98,"column":1}},"line":91},"11":{"name":"(anonymous_11)","decl":{"start":{"line":92,"column":31},"end":{"line":92,"column":32}},"loc":{"start":{"line":92,"column":37},"end":{"line":92,"column":54}},"line":92},"12":{"name":"(anonymous_12)","decl":{"start":{"line":97,"column":12},"end":{"line":97,"column":13}},"loc":{"start":{"line":97,"column":18},"end":{"line":97,"column":48}},"line":97},"13":{"name":"(anonymous_13)","decl":{"start":{"line":97,"column":56},"end":{"line":97,"column":57}},"loc":{"start":{"line":97,"column":61},"end":{"line":97,"column":89}},"line":97},"14":{"name":"(anonymous_14)","decl":{"start":{"line":100,"column":20},"end":{"line":100,"column":21}},"loc":{"start":{"line":100,"column":37},"end":{"line":133,"column":3}},"line":100},"15":{"name":"(anonymous_15)","decl":{"start":{"line":111,"column":10},"end":{"line":111,"column":11}},"loc":{"start":{"line":111,"column":26},"end":{"line":131,"column":3}},"line":111},"16":{"name":"(anonymous_16)","decl":{"start":{"line":116,"column":12},"end":{"line":116,"column":13}},"loc":{"start":{"line":116,"column":24},"end":{"line":130,"column":5}},"line":116},"17":{"name":"(anonymous_17)","decl":{"start":{"line":123,"column":16},"end":{"line":123,"column":17}},"loc":{"start":{"line":123,"column":24},"end":{"line":127,"column":9}},"line":123},"18":{"name":"(anonymous_18)","decl":{"start":{"line":127,"column":17},"end":{"line":127,"column":18}},"loc":{"start":{"line":127,"column":22},"end":{"line":127,"column":67}},"line":127},"19":{"name":"(anonymous_19)","decl":{"start":{"line":130,"column":13},"end":{"line":130,"column":14}},"loc":{"start":{"line":130,"column":18},"end":{"line":130,"column":63}},"line":130},"20":{"name":"(anonymous_20)","decl":{"start":{"line":131,"column":11},"end":{"line":131,"column":12}},"loc":{"start":{"line":131,"column":16},"end":{"line":131,"column":61}},"line":131},"21":{"name":"(anonymous_21)","decl":{"start":{"line":135,"column":24},"end":{"line":135,"column":25}},"loc":{"start":{"line":135,"column":41},"end":{"line":167,"column":3}},"line":135},"22":{"name":"(anonymous_22)","decl":{"start":{"line":141,"column":12},"end":{"line":141,"column":13}},"loc":{"start":{"line":141,"column":24},"end":{"line":166,"column":5}},"line":141},"23":{"name":"(anonymous_23)","decl":{"start":{"line":151,"column":14},"end":{"line":151,"column":15}},"loc":{"start":{"line":151,"column":24},"end":{"line":153,"column":7}},"line":151},"24":{"name":"(anonymous_24)","decl":{"start":{"line":161,"column":14},"end":{"line":161,"column":15}},"loc":{"start":{"line":161,"column":21},"end":{"line":163,"column":7}},"line":161},"25":{"name":"(anonymous_25)","decl":{"start":{"line":166,"column":13},"end":{"line":166,"column":14}},"loc":{"start":{"line":166,"column":18},"end":{"line":166,"column":63}},"line":166},"26":{"name":"(anonymous_26)","decl":{"start":{"line":170,"column":21},"end":{"line":170,"column":22}},"loc":{"start":{"line":170,"column":38},"end":{"line":201,"column":1}},"line":170},"27":{"name":"(anonymous_27)","decl":{"start":{"line":181,"column":12},"end":{"line":181,"column":13}},"loc":{"start":{"line":181,"column":30},"end":{"line":197,"column":5}},"line":181},"28":{"name":"(anonymous_28)","decl":{"start":{"line":191,"column":20},"end":{"line":191,"column":21}},"loc":{"start":{"line":191,"column":26},"end":{"line":191,"column":55}},"line":191},"29":{"name":"(anonymous_29)","decl":{"start":{"line":191,"column":63},"end":{"line":191,"column":64}},"loc":{"start":{"line":191,"column":68},"end":{"line":191,"column":96}},"line":191},"30":{"name":"(anonymous_30)","decl":{"start":{"line":197,"column":13},"end":{"line":197,"column":14}},"loc":{"start":{"line":197,"column":22},"end":{"line":200,"column":5}},"line":197},"31":{"name":"(anonymous_31)","decl":{"start":{"line":203,"column":18},"end":{"line":203,"column":19}},"loc":{"start":{"line":203,"column":35},"end":{"line":225,"column":1}},"line":203},"32":{"name":"(anonymous_32)","decl":{"start":{"line":212,"column":12},"end":{"line":212,"column":13}},"loc":{"start":{"line":212,"column":24},"end":{"line":224,"column":5}},"line":212},"33":{"name":"(anonymous_33)","decl":{"start":{"line":219,"column":16},"end":{"line":219,"column":17}},"loc":{"start":{"line":219,"column":22},"end":{"line":219,"column":56}},"line":219},"34":{"name":"(anonymous_34)","decl":{"start":{"line":224,"column":13},"end":{"line":224,"column":14}},"loc":{"start":{"line":224,"column":18},"end":{"line":224,"column":63}},"line":224},"35":{"name":"(anonymous_35)","decl":{"start":{"line":227,"column":13},"end":{"line":227,"column":14}},"loc":{"start":{"line":227,"column":30},"end":{"line":275,"column":1}},"line":227},"36":{"name":"(anonymous_36)","decl":{"start":{"line":233,"column":12},"end":{"line":233,"column":13}},"loc":{"start":{"line":233,"column":24},"end":{"line":274,"column":5}},"line":233},"37":{"name":"(anonymous_37)","decl":{"start":{"line":239,"column":16},"end":{"line":239,"column":17}},"loc":{"start":{"line":239,"column":24},"end":{"line":241,"column":9}},"line":239},"38":{"name":"(anonymous_38)","decl":{"start":{"line":247,"column":16},"end":{"line":247,"column":17}},"loc":{"start":{"line":247,"column":24},"end":{"line":249,"column":9}},"line":247},"39":{"name":"(anonymous_39)","decl":{"start":{"line":258,"column":16},"end":{"line":258,"column":17}},"loc":{"start":{"line":258,"column":24},"end":{"line":260,"column":9}},"line":258},"40":{"name":"(anonymous_40)","decl":{"start":{"line":269,"column":16},"end":{"line":269,"column":17}},"loc":{"start":{"line":269,"column":24},"end":{"line":271,"column":9}},"line":269},"41":{"name":"(anonymous_41)","decl":{"start":{"line":274,"column":13},"end":{"line":274,"column":14}},"loc":{"start":{"line":274,"column":18},"end":{"line":274,"column":63}},"line":274},"42":{"name":"(anonymous_42)","decl":{"start":{"line":278,"column":27},"end":{"line":278,"column":28}},"loc":{"start":{"line":278,"column":44},"end":{"line":328,"column":1}},"line":278},"43":{"name":"(anonymous_43)","decl":{"start":{"line":286,"column":12},"end":{"line":286,"column":13}},"loc":{"start":{"line":286,"column":24},"end":{"line":327,"column":5}},"line":286},"44":{"name":"(anonymous_44)","decl":{"start":{"line":292,"column":16},"end":{"line":292,"column":17}},"loc":{"start":{"line":292,"column":24},"end":{"line":294,"column":9}},"line":292},"45":{"name":"(anonymous_45)","decl":{"start":{"line":300,"column":16},"end":{"line":300,"column":17}},"loc":{"start":{"line":300,"column":24},"end":{"line":302,"column":9}},"line":300},"46":{"name":"(anonymous_46)","decl":{"start":{"line":311,"column":16},"end":{"line":311,"column":17}},"loc":{"start":{"line":311,"column":24},"end":{"line":313,"column":9}},"line":311},"47":{"name":"(anonymous_47)","decl":{"start":{"line":322,"column":16},"end":{"line":322,"column":17}},"loc":{"start":{"line":322,"column":24},"end":{"line":324,"column":9}},"line":322},"48":{"name":"(anonymous_48)","decl":{"start":{"line":327,"column":13},"end":{"line":327,"column":14}},"loc":{"start":{"line":327,"column":18},"end":{"line":327,"column":63}},"line":327},"49":{"name":"(anonymous_49)","decl":{"start":{"line":330,"column":19},"end":{"line":330,"column":20}},"loc":{"start":{"line":330,"column":36},"end":{"line":339,"column":1}},"line":330},"50":{"name":"(anonymous_50)","decl":{"start":{"line":338,"column":12},"end":{"line":338,"column":13}},"loc":{"start":{"line":338,"column":18},"end":{"line":338,"column":38}},"line":338},"51":{"name":"(anonymous_51)","decl":{"start":{"line":338,"column":46},"end":{"line":338,"column":47}},"loc":{"start":{"line":338,"column":51},"end":{"line":338,"column":96}},"line":338},"52":{"name":"(anonymous_52)","decl":{"start":{"line":341,"column":18},"end":{"line":341,"column":19}},"loc":{"start":{"line":341,"column":35},"end":{"line":348,"column":1}},"line":341},"53":{"name":"(anonymous_53)","decl":{"start":{"line":347,"column":12},"end":{"line":347,"column":13}},"loc":{"start":{"line":347,"column":18},"end":{"line":347,"column":50}},"line":347},"54":{"name":"(anonymous_54)","decl":{"start":{"line":347,"column":58},"end":{"line":347,"column":59}},"loc":{"start":{"line":347,"column":63},"end":{"line":347,"column":108}},"line":347},"55":{"name":"(anonymous_55)","decl":{"start":{"line":350,"column":22},"end":{"line":350,"column":23}},"loc":{"start":{"line":350,"column":38},"end":{"line":358,"column":1}},"line":350},"56":{"name":"(anonymous_56)","decl":{"start":{"line":357,"column":12},"end":{"line":357,"column":13}},"loc":{"start":{"line":357,"column":18},"end":{"line":357,"column":48}},"line":357},"57":{"name":"(anonymous_57)","decl":{"start":{"line":357,"column":56},"end":{"line":357,"column":57}},"loc":{"start":{"line":357,"column":61},"end":{"line":357,"column":106}},"line":357},"58":{"name":"(anonymous_58)","decl":{"start":{"line":360,"column":27},"end":{"line":360,"column":28}},"loc":{"start":{"line":360,"column":43},"end":{"line":391,"column":3}},"line":360},"59":{"name":"(anonymous_59)","decl":{"start":{"line":365,"column":12},"end":{"line":365,"column":13}},"loc":{"start":{"line":365,"column":24},"end":{"line":390,"column":5}},"line":365},"60":{"name":"(anonymous_60)","decl":{"start":{"line":374,"column":18},"end":{"line":374,"column":19}},"loc":{"start":{"line":374,"column":26},"end":{"line":376,"column":11}},"line":374},"61":{"name":"(anonymous_61)","decl":{"start":{"line":385,"column":18},"end":{"line":385,"column":19}},"loc":{"start":{"line":385,"column":26},"end":{"line":387,"column":11}},"line":385},"62":{"name":"(anonymous_62)","decl":{"start":{"line":390,"column":13},"end":{"line":390,"column":14}},"loc":{"start":{"line":390,"column":18},"end":{"line":390,"column":63}},"line":390},"63":{"name":"(anonymous_63)","decl":{"start":{"line":393,"column":19},"end":{"line":393,"column":20}},"loc":{"start":{"line":393,"column":36},"end":{"line":416,"column":3}},"line":393},"64":{"name":"(anonymous_64)","decl":{"start":{"line":399,"column":12},"end":{"line":399,"column":13}},"loc":{"start":{"line":399,"column":24},"end":{"line":415,"column":5}},"line":399},"65":{"name":"(anonymous_65)","decl":{"start":{"line":409,"column":18},"end":{"line":409,"column":19}},"loc":{"start":{"line":409,"column":26},"end":{"line":412,"column":11}},"line":409},"66":{"name":"(anonymous_66)","decl":{"start":{"line":415,"column":13},"end":{"line":415,"column":14}},"loc":{"start":{"line":415,"column":18},"end":{"line":415,"column":63}},"line":415},"67":{"name":"(anonymous_67)","decl":{"start":{"line":418,"column":22},"end":{"line":418,"column":23}},"loc":{"start":{"line":418,"column":39},"end":{"line":427,"column":3}},"line":418},"68":{"name":"(anonymous_68)","decl":{"start":{"line":425,"column":12},"end":{"line":425,"column":13}},"loc":{"start":{"line":425,"column":18},"end":{"line":425,"column":41}},"line":425},"69":{"name":"(anonymous_69)","decl":{"start":{"line":425,"column":49},"end":{"line":425,"column":50}},"loc":{"start":{"line":425,"column":54},"end":{"line":425,"column":99}},"line":425}},"branchMap":{"0":{"loc":{"start":{"line":27,"column":10},"end":{"line":58,"column":11}},"type":"if","locations":[{"start":{"line":27,"column":10},"end":{"line":58,"column":11}},{"start":{"line":27,"column":10},"end":{"line":58,"column":11}}],"line":27},"1":{"loc":{"start":{"line":37,"column":14},"end":{"line":53,"column":17}},"type":"if","locations":[{"start":{"line":37,"column":14},"end":{"line":53,"column":17}},{"start":{"line":37,"column":14},"end":{"line":53,"column":17}}],"line":37},"2":{"loc":{"start":{"line":124,"column":10},"end":{"line":126,"column":11}},"type":"if","locations":[{"start":{"line":124,"column":10},"end":{"line":126,"column":11}},{"start":{"line":124,"column":10},"end":{"line":126,"column":11}}],"line":124},"3":{"loc":{"start":{"line":182,"column":8},"end":{"line":196,"column":7}},"type":"if","locations":[{"start":{"line":182,"column":8},"end":{"line":196,"column":7}},{"start":{"line":182,"column":8},"end":{"line":196,"column":7}}],"line":182},"4":{"loc":{"start":{"line":213,"column":6},"end":{"line":223,"column":7}},"type":"if","locations":[{"start":{"line":213,"column":6},"end":{"line":223,"column":7}},{"start":{"line":213,"column":6},"end":{"line":223,"column":7}}],"line":213}},"s":{"0":2,"1":2,"2":2,"3":2,"4":2,"5":2,"6":2,"7":2,"8":2,"9":2,"10":2,"11":0,"12":0,"13":0,"14":0,"15":0,"16":0,"17":0,"18":0,"19":0,"20":0,"21":0,"22":0,"23":0,"24":0,"25":0,"26":0,"27":0,"28":2,"29":1,"30":1,"31":1,"32":1,"33":1,"34":1,"35":1,"36":0,"37":0,"38":1,"39":0,"40":0,"41":2,"42":1,"43":1,"44":1,"45":1,"46":0,"47":2,"48":2,"49":2,"50":2,"51":2,"52":2,"53":12,"54":12,"55":12,"56":12,"57":0,"58":0,"59":2,"60":0,"61":0,"62":0,"63":0,"64":2,"65":2,"66":0,"67":0,"68":0,"69":0,"70":0,"71":0,"72":0,"73":0,"74":0,"75":0,"76":0,"77":2,"78":2,"79":1,"80":1,"81":1,"82":1,"83":1,"84":1,"85":0,"86":0,"87":0,"88":0,"89":0,"90":1,"91":2,"92":1,"93":1,"94":1,"95":1,"96":0,"97":0,"98":1,"99":0,"100":0,"101":2,"102":2,"103":2,"104":2,"105":2,"106":2,"107":2,"108":2,"109":2,"110":2,"111":2,"112":2,"113":2,"114":0,"115":0,"116":2,"117":1,"118":1,"119":1,"120":1,"121":1,"122":1,"123":1,"124":1,"125":1,"126":1,"127":1,"128":1,"129":1,"130":0,"131":0,"132":2,"133":1,"134":1,"135":1,"136":1,"137":0,"138":0,"139":2,"140":1,"141":1,"142":1,"143":0,"144":0,"145":2,"146":1,"147":1,"148":1,"149":0,"150":0,"151":2,"152":1,"153":1,"154":4,"155":4,"156":4,"157":4,"158":1,"159":0,"160":0,"161":2,"162":1,"163":1,"164":1,"165":1,"166":1,"167":1,"168":1,"169":0,"170":0,"171":2,"172":1,"173":1,"174":1,"175":0,"176":0},"f":{"0":0,"1":0,"2":0,"3":0,"4":0,"5":1,"6":1,"7":1,"8":0,"9":0,"10":1,"11":1,"12":1,"13":0,"14":2,"15":2,"16":2,"17":12,"18":0,"19":0,"20":0,"21":0,"22":0,"23":0,"24":0,"25":0,"26":1,"27":0,"28":0,"29":0,"30":1,"31":1,"32":1,"33":0,"34":0,"35":2,"36":2,"37":2,"38":2,"39":2,"40":2,"41":0,"42":1,"43":1,"44":1,"45":1,"46":1,"47":1,"48":0,"49":1,"50":1,"51":0,"52":1,"53":1,"54":0,"55":1,"56":1,"57":0,"58":1,"59":1,"60":4,"61":4,"62":0,"63":1,"64":1,"65":1,"66":0,"67":1,"68":1,"69":0},"b":{"0":[0,0],"1":[0,0],"2":[12,0],"3":[0,0],"4":[0,1]},"_coverageSchema":"1a1c01bbd47fc00a2c39e90264f33305004495a9","hash":"a9e01c9e493e8f36f100d1e9e2bac728ded90ed2"}
,"E:\\01.CodingMart_Tasks\\Flipzon-Angular\\server\\src\\crons\\revokeSession.js": {"path":"E:\\01.CodingMart_Tasks\\Flipzon-Angular\\server\\src\\crons\\revokeSession.js","statementMap":{"0":{"start":{"line":1,"column":13},"end":{"line":1,"column":59}},"1":{"start":{"line":2,"column":9},"end":{"line":2,"column":29}},"2":{"start":{"line":3,"column":0},"end":{"line":42,"column":2}},"3":{"start":{"line":4,"column":4},"end":{"line":22,"column":6}},"4":{"start":{"line":10,"column":6},"end":{"line":21,"column":7}},"5":{"start":{"line":11,"column":16},"end":{"line":11,"column":77}},"6":{"start":{"line":13,"column":8},"end":{"line":20,"column":9}},"7":{"start":{"line":15,"column":10},"end":{"line":19,"column":12}},"8":{"start":{"line":23,"column":4},"end":{"line":41,"column":6}},"9":{"start":{"line":29,"column":6},"end":{"line":40,"column":7}},"10":{"start":{"line":30,"column":16},"end":{"line":30,"column":77}},"11":{"start":{"line":32,"column":8},"end":{"line":39,"column":9}},"12":{"start":{"line":34,"column":10},"end":{"line":38,"column":12}}},"fnMap":{"0":{"name":"(anonymous_0)","decl":{"start":{"line":3,"column":42},"end":{"line":3,"column":43}},"loc":{"start":{"line":3,"column":52},"end":{"line":42,"column":1}},"line":3},"1":{"name":"(anonymous_1)","decl":{"start":{"line":9,"column":12},"end":{"line":9,"column":13}},"loc":{"start":{"line":9,"column":24},"end":{"line":22,"column":5}},"line":9},"2":{"name":"(anonymous_2)","decl":{"start":{"line":28,"column":12},"end":{"line":28,"column":13}},"loc":{"start":{"line":28,"column":24},"end":{"line":41,"column":5}},"line":28}},"branchMap":{"0":{"loc":{"start":{"line":13,"column":8},"end":{"line":20,"column":9}},"type":"if","locations":[{"start":{"line":13,"column":8},"end":{"line":20,"column":9}},{"start":{"line":13,"column":8},"end":{"line":20,"column":9}}],"line":13},"1":{"loc":{"start":{"line":32,"column":8},"end":{"line":39,"column":9}},"type":"if","locations":[{"start":{"line":32,"column":8},"end":{"line":39,"column":9}},{"start":{"line":32,"column":8},"end":{"line":39,"column":9}}],"line":32}},"s":{"0":2,"1":2,"2":2,"3":0,"4":0,"5":0,"6":0,"7":0,"8":0,"9":0,"10":0,"11":0,"12":0},"f":{"0":0,"1":0,"2":0},"b":{"0":[0,0],"1":[0,0]},"_coverageSchema":"1a1c01bbd47fc00a2c39e90264f33305004495a9","hash":"c5208c2b5e86e887e527dd9ef4288b17d04be19c"}
,"E:\\01.CodingMart_Tasks\\Flipzon-Angular\\server\\src\\db-connect\\dbconnect.js": {"path":"E:\\01.CodingMart_Tasks\\Flipzon-Angular\\server\\src\\db-connect\\dbconnect.js","statementMap":{"0":{"start":{"line":1,"column":0},"end":{"line":5,"column":1}},"1":{"start":{"line":2,"column":23},"end":{"line":2,"column":61}},"2":{"start":{"line":3,"column":17},"end":{"line":3,"column":35}},"3":{"start":{"line":4,"column":4},"end":{"line":4,"column":17}},"4":{"start":{"line":6,"column":0},"end":{"line":10,"column":1}},"5":{"start":{"line":7,"column":16},"end":{"line":7,"column":32}},"6":{"start":{"line":8,"column":17},"end":{"line":8,"column":37}},"7":{"start":{"line":9,"column":4},"end":{"line":9,"column":17}}},"fnMap":{"0":{"name":"(anonymous_0)","decl":{"start":{"line":1,"column":18},"end":{"line":1,"column":19}},"loc":{"start":{"line":1,"column":29},"end":{"line":5,"column":1}},"line":1},"1":{"name":"(anonymous_1)","decl":{"start":{"line":6,"column":21},"end":{"line":6,"column":22}},"loc":{"start":{"line":6,"column":31},"end":{"line":10,"column":1}},"line":6}},"branchMap":{},"s":{"0":2,"1":8,"2":8,"3":8,"4":2,"5":6,"6":6,"7":6},"f":{"0":8,"1":6},"b":{},"_coverageSchema":"1a1c01bbd47fc00a2c39e90264f33305004495a9","hash":"32c8a99231ca58a9d6f49ad0c8ed7456552b9f50"}
,"E:\\01.CodingMart_Tasks\\Flipzon-Angular\\server\\src\\routes\\AdminRouter.js": {"path":"E:\\01.CodingMart_Tasks\\Flipzon-Angular\\server\\src\\routes\\AdminRouter.js","statementMap":{"0":{"start":{"line":1,"column":13},"end":{"line":1,"column":30}},"1":{"start":{"line":2,"column":17},"end":{"line":2,"column":34}},"2":{"start":{"line":3,"column":22},"end":{"line":3,"column":63}},"3":{"start":{"line":4,"column":13},"end":{"line":4,"column":30}},"4":{"start":{"line":5,"column":14},"end":{"line":12,"column":2}},"5":{"start":{"line":7,"column":6},"end":{"line":7,"column":78}},"6":{"start":{"line":10,"column":6},"end":{"line":10,"column":51}},"7":{"start":{"line":13,"column":11},"end":{"line":13,"column":36}},"8":{"start":{"line":14,"column":13},"end":{"line":14,"column":40}},"9":{"start":{"line":16,"column":0},"end":{"line":16,"column":53}},"10":{"start":{"line":17,"column":0},"end":{"line":17,"column":66}},"11":{"start":{"line":19,"column":0},"end":{"line":19,"column":70}},"12":{"start":{"line":20,"column":0},"end":{"line":20,"column":66}},"13":{"start":{"line":21,"column":0},"end":{"line":21,"column":62}},"14":{"start":{"line":22,"column":0},"end":{"line":22,"column":60}},"15":{"start":{"line":23,"column":0},"end":{"line":23,"column":66}},"16":{"start":{"line":24,"column":0},"end":{"line":24,"column":100}},"17":{"start":{"line":25,"column":0},"end":{"line":25,"column":62}},"18":{"start":{"line":26,"column":0},"end":{"line":26,"column":60}},"19":{"start":{"line":31,"column":0},"end":{"line":31,"column":21}}},"fnMap":{"0":{"name":"(anonymous_0)","decl":{"start":{"line":6,"column":14},"end":{"line":6,"column":15}},"loc":{"start":{"line":6,"column":35},"end":{"line":8,"column":3}},"line":6},"1":{"name":"(anonymous_1)","decl":{"start":{"line":9,"column":11},"end":{"line":9,"column":12}},"loc":{"start":{"line":9,"column":32},"end":{"line":11,"column":3}},"line":9}},"branchMap":{},"s":{"0":2,"1":2,"2":2,"3":2,"4":2,"5":1,"6":1,"7":2,"8":2,"9":2,"10":2,"11":2,"12":2,"13":2,"14":2,"15":2,"16":2,"17":2,"18":2,"19":2},"f":{"0":1,"1":1},"b":{},"_coverageSchema":"1a1c01bbd47fc00a2c39e90264f33305004495a9","hash":"7ae1bdb999662cfc0559811836d9b9ce221ad63c"}
,"E:\\01.CodingMart_Tasks\\Flipzon-Angular\\server\\src\\routes\\UserRouter.js": {"path":"E:\\01.CodingMart_Tasks\\Flipzon-Angular\\server\\src\\routes\\UserRouter.js","statementMap":{"0":{"start":{"line":1,"column":13},"end":{"line":1,"column":30}},"1":{"start":{"line":2,"column":16},"end":{"line":2,"column":32}},"2":{"start":{"line":3,"column":21},"end":{"line":3,"column":61}},"3":{"start":{"line":6,"column":13},"end":{"line":6,"column":40}},"4":{"start":{"line":7,"column":0},"end":{"line":7,"column":52}},"5":{"start":{"line":8,"column":0},"end":{"line":8,"column":46}},"6":{"start":{"line":9,"column":0},"end":{"line":9,"column":58}},"7":{"start":{"line":11,"column":0},"end":{"line":11,"column":53}},"8":{"start":{"line":12,"column":0},"end":{"line":12,"column":57}},"9":{"start":{"line":13,"column":0},"end":{"line":13,"column":62}},"10":{"start":{"line":14,"column":0},"end":{"line":14,"column":60}},"11":{"start":{"line":15,"column":0},"end":{"line":15,"column":50}},"12":{"start":{"line":16,"column":0},"end":{"line":16,"column":75}},"13":{"start":{"line":17,"column":0},"end":{"line":17,"column":62}},"14":{"start":{"line":18,"column":0},"end":{"line":18,"column":63}},"15":{"start":{"line":19,"column":0},"end":{"line":19,"column":68}},"16":{"start":{"line":20,"column":0},"end":{"line":20,"column":67}},"17":{"start":{"line":21,"column":0},"end":{"line":21,"column":52}},"18":{"start":{"line":22,"column":0},"end":{"line":22,"column":65}},"19":{"start":{"line":24,"column":0},"end":{"line":24,"column":21}}},"fnMap":{},"branchMap":{},"s":{"0":2,"1":2,"2":2,"3":2,"4":2,"5":2,"6":2,"7":2,"8":2,"9":2,"10":2,"11":2,"12":2,"13":2,"14":2,"15":2,"16":2,"17":2,"18":2,"19":2},"f":{},"b":{},"_coverageSchema":"1a1c01bbd47fc00a2c39e90264f33305004495a9","hash":"c96a33bd53bc3d545ec6fd6b2776d2fbc901d926"}
}
