{"E:\\01.CodingMart_Tasks\\Flipzon-Angular\\server\\src\\Server.js": {"path":"E:\\01.CodingMart_Tasks\\Flipzon-Angular\\server\\src\\Server.js","statementMap":{"0":{"start":{"line":1,"column":0},"end":{"line":1,"column":26}},"1":{"start":{"line":2,"column":14},"end":{"line":2,"column":32}},"2":{"start":{"line":3,"column":10},"end":{"line":3,"column":19}},"3":{"start":{"line":8,"column":17},"end":{"line":8,"column":39}},"4":{"start":{"line":9,"column":0},"end":{"line":9,"column":26}},"5":{"start":{"line":10,"column":0},"end":{"line":10,"column":47}},"6":{"start":{"line":13,"column":0},"end":{"line":17,"column":5}},"7":{"start":{"line":14,"column":4},"end":{"line":14,"column":51}},"8":{"start":{"line":15,"column":4},"end":{"line":15,"column":97}},"9":{"start":{"line":16,"column":4},"end":{"line":16,"column":11}},"10":{"start":{"line":20,"column":12},"end":{"line":20,"column":47}},"11":{"start":{"line":21,"column":0},"end":{"line":21,"column":13}},"12":{"start":{"line":24,"column":17},"end":{"line":24,"column":50}},"13":{"start":{"line":25,"column":18},"end":{"line":25,"column":52}},"14":{"start":{"line":26,"column":0},"end":{"line":26,"column":22}},"15":{"start":{"line":27,"column":0},"end":{"line":27,"column":23}},"16":{"start":{"line":30,"column":11},"end":{"line":32,"column":2}},"17":{"start":{"line":31,"column":2},"end":{"line":31,"column":26}},"18":{"start":{"line":33,"column":0},"end":{"line":33,"column":34}},"19":{"start":{"line":34,"column":0},"end":{"line":34,"column":20}}},"fnMap":{"0":{"name":"(anonymous_0)","decl":{"start":{"line":13,"column":8},"end":{"line":13,"column":9}},"loc":{"start":{"line":13,"column":33},"end":{"line":17,"column":3}},"line":13},"1":{"name":"(anonymous_1)","decl":{"start":{"line":30,"column":27},"end":{"line":30,"column":28}},"loc":{"start":{"line":30,"column":34},"end":{"line":32,"column":1}},"line":30}},"branchMap":{},"s":{"0":2,"1":2,"2":2,"3":2,"4":2,"5":2,"6":2,"7":24,"8":24,"9":24,"10":2,"11":2,"12":2,"13":2,"14":2,"15":2,"16":2,"17":0,"18":2,"19":2},"f":{"0":24,"1":0},"b":{},"_coverageSchema":"1a1c01bbd47fc00a2c39e90264f33305004495a9","hash":"de9c5957e1458a0168b1e86a84ce732ca2d4680c"}
,"E:\\01.CodingMart_Tasks\\Flipzon-Angular\\server\\src\\app.js": {"path":"E:\\01.CodingMart_Tasks\\Flipzon-Angular\\server\\src\\app.js","statementMap":{"0":{"start":{"line":1,"column":13},"end":{"line":1,"column":58}},"1":{"start":{"line":2,"column":10},"end":{"line":2,"column":33}},"2":{"start":{"line":3,"column":16},"end":{"line":3,"column":38}},"3":{"start":{"line":6,"column":0},"end":{"line":12,"column":1}},"4":{"start":{"line":7,"column":4},"end":{"line":11,"column":6}},"5":{"start":{"line":13,"column":0},"end":{"line":39,"column":1}},"6":{"start":{"line":14,"column":0},"end":{"line":14,"column":23}},"7":{"start":{"line":15,"column":0},"end":{"line":15,"column":16}},"8":{"start":{"line":16,"column":2},"end":{"line":37,"column":13}},"9":{"start":{"line":21,"column":4},"end":{"line":35,"column":5}},"10":{"start":{"line":22,"column":8},"end":{"line":22,"column":33}},"11":{"start":{"line":23,"column":8},"end":{"line":23,"column":34}},"12":{"start":{"line":26,"column":8},"end":{"line":34,"column":10}},"13":{"start":{"line":27,"column":8},"end":{"line":33,"column":9}},"14":{"start":{"line":28,"column":12},"end":{"line":28,"column":37}},"15":{"start":{"line":29,"column":12},"end":{"line":29,"column":38}},"16":{"start":{"line":32,"column":12},"end":{"line":32,"column":18}},"17":{"start":{"line":43,"column":0},"end":{"line":49,"column":1}},"18":{"start":{"line":44,"column":2},"end":{"line":48,"column":4}},"19":{"start":{"line":50,"column":0},"end":{"line":79,"column":3}},"20":{"start":{"line":51,"column":2},"end":{"line":51,"column":25}},"21":{"start":{"line":52,"column":2},"end":{"line":52,"column":18}},"22":{"start":{"line":54,"column":4},"end":{"line":77,"column":7}},"23":{"start":{"line":59,"column":6},"end":{"line":75,"column":7}},"24":{"start":{"line":61,"column":10},"end":{"line":61,"column":36}},"25":{"start":{"line":62,"column":10},"end":{"line":62,"column":36}},"26":{"start":{"line":66,"column":10},"end":{"line":74,"column":12}},"27":{"start":{"line":67,"column":10},"end":{"line":73,"column":11}},"28":{"start":{"line":68,"column":14},"end":{"line":68,"column":40}},"29":{"start":{"line":69,"column":14},"end":{"line":69,"column":40}},"30":{"start":{"line":72,"column":14},"end":{"line":72,"column":20}}},"fnMap":{"0":{"name":"(anonymous_0)","decl":{"start":{"line":6,"column":24},"end":{"line":6,"column":25}},"loc":{"start":{"line":6,"column":37},"end":{"line":12,"column":1}},"line":6},"1":{"name":"(anonymous_1)","decl":{"start":{"line":13,"column":18},"end":{"line":13,"column":19}},"loc":{"start":{"line":13,"column":40},"end":{"line":39,"column":1}},"line":13},"2":{"name":"(anonymous_2)","decl":{"start":{"line":20,"column":10},"end":{"line":20,"column":11}},"loc":{"start":{"line":20,"column":18},"end":{"line":36,"column":5}},"line":20},"3":{"name":"(anonymous_3)","decl":{"start":{"line":26,"column":35},"end":{"line":26,"column":36}},"loc":{"start":{"line":26,"column":49},"end":{"line":34,"column":9}},"line":26},"4":{"name":"(anonymous_4)","decl":{"start":{"line":43,"column":25},"end":{"line":43,"column":26}},"loc":{"start":{"line":43,"column":38},"end":{"line":49,"column":1}},"line":43},"5":{"name":"(anonymous_5)","decl":{"start":{"line":50,"column":19},"end":{"line":50,"column":20}},"loc":{"start":{"line":50,"column":41},"end":{"line":79,"column":3}},"line":50},"6":{"name":"(anonymous_6)","decl":{"start":{"line":58,"column":12},"end":{"line":58,"column":13}},"loc":{"start":{"line":58,"column":20},"end":{"line":76,"column":7}},"line":58},"7":{"name":"(anonymous_7)","decl":{"start":{"line":66,"column":37},"end":{"line":66,"column":38}},"loc":{"start":{"line":66,"column":51},"end":{"line":74,"column":11}},"line":66}},"branchMap":{"0":{"loc":{"start":{"line":21,"column":4},"end":{"line":35,"column":5}},"type":"if","locations":[{"start":{"line":21,"column":4},"end":{"line":35,"column":5}},{"start":{"line":21,"column":4},"end":{"line":35,"column":5}}],"line":21},"1":{"loc":{"start":{"line":27,"column":8},"end":{"line":33,"column":9}},"type":"if","locations":[{"start":{"line":27,"column":8},"end":{"line":33,"column":9}},{"start":{"line":27,"column":8},"end":{"line":33,"column":9}}],"line":27},"2":{"loc":{"start":{"line":59,"column":6},"end":{"line":75,"column":7}},"type":"if","locations":[{"start":{"line":59,"column":6},"end":{"line":75,"column":7}},{"start":{"line":59,"column":6},"end":{"line":75,"column":7}}],"line":59},"3":{"loc":{"start":{"line":67,"column":10},"end":{"line":73,"column":11}},"type":"if","locations":[{"start":{"line":67,"column":10},"end":{"line":73,"column":11}},{"start":{"line":67,"column":10},"end":{"line":73,"column":11}}],"line":67}},"s":{"0":2,"1":2,"2":2,"3":2,"4":0,"5":2,"6":9,"7":9,"8":9,"9":9,"10":0,"11":0,"12":9,"13":9,"14":0,"15":0,"16":9,"17":2,"18":0,"19":2,"20":9,"21":9,"22":9,"23":8,"24":0,"25":0,"26":8,"27":8,"28":0,"29":0,"30":8},"f":{"0":0,"1":9,"2":9,"3":9,"4":0,"5":9,"6":8,"7":8},"b":{"0":[0,9],"1":[0,9],"2":[0,8],"3":[0,8]},"_coverageSchema":"1a1c01bbd47fc00a2c39e90264f33305004495a9","hash":"ecb715b03ab642d63f2b05029099cc6f2e443bef"}
,"E:\\01.CodingMart_Tasks\\Flipzon-Angular\\server\\src\\controllers\\AdminController.js": {"path":"E:\\01.CodingMart_Tasks\\Flipzon-Angular\\server\\src\\controllers\\AdminController.js","statementMap":{"0":{"start":{"line":2,"column":13},"end":{"line":2,"column":59}},"1":{"start":{"line":3,"column":13},"end":{"line":3,"column":30}},"2":{"start":{"line":4,"column":23},"end":{"line":4,"column":46}},"3":{"start":{"line":5,"column":10},"end":{"line":5,"column":33}},"4":{"start":{"line":6,"column":16},"end":{"line":6,"column":38}},"5":{"start":{"line":9,"column":0},"end":{"line":35,"column":3}},"6":{"start":{"line":10,"column":4},"end":{"line":10,"column":38}},"7":{"start":{"line":11,"column":4},"end":{"line":11,"column":36}},"8":{"start":{"line":13,"column":4},"end":{"line":34,"column":66}},"9":{"start":{"line":25,"column":8},"end":{"line":25,"column":60}},"10":{"start":{"line":26,"column":8},"end":{"line":32,"column":68}},"11":{"start":{"line":32,"column":23},"end":{"line":32,"column":40}},"12":{"start":{"line":32,"column":40},"end":{"line":32,"column":66}},"13":{"start":{"line":33,"column":8},"end":{"line":33,"column":32}},"14":{"start":{"line":34,"column":21},"end":{"line":34,"column":38}},"15":{"start":{"line":34,"column":38},"end":{"line":34,"column":64}},"16":{"start":{"line":37,"column":0},"end":{"line":43,"column":3}},"17":{"start":{"line":38,"column":2},"end":{"line":42,"column":88}},"18":{"start":{"line":42,"column":17},"end":{"line":42,"column":45}},"19":{"start":{"line":42,"column":60},"end":{"line":42,"column":86}},"20":{"start":{"line":45,"column":0},"end":{"line":51,"column":3}},"21":{"start":{"line":46,"column":8},"end":{"line":50,"column":108}},"22":{"start":{"line":50,"column":25},"end":{"line":50,"column":48}},"23":{"start":{"line":50,"column":63},"end":{"line":50,"column":80}},"24":{"start":{"line":50,"column":80},"end":{"line":50,"column":106}},"25":{"start":{"line":53,"column":0},"end":{"line":63,"column":3}},"26":{"start":{"line":54,"column":4},"end":{"line":54,"column":30}},"27":{"start":{"line":55,"column":4},"end":{"line":61,"column":64}},"28":{"start":{"line":60,"column":6},"end":{"line":60,"column":33}},"29":{"start":{"line":61,"column":19},"end":{"line":61,"column":36}},"30":{"start":{"line":61,"column":36},"end":{"line":61,"column":62}},"31":{"start":{"line":65,"column":0},"end":{"line":71,"column":3}},"32":{"start":{"line":66,"column":4},"end":{"line":70,"column":100}},"33":{"start":{"line":70,"column":19},"end":{"line":70,"column":40}},"34":{"start":{"line":70,"column":55},"end":{"line":70,"column":72}},"35":{"start":{"line":70,"column":72},"end":{"line":70,"column":98}},"36":{"start":{"line":73,"column":0},"end":{"line":89,"column":1}},"37":{"start":{"line":74,"column":4},"end":{"line":74,"column":43}},"38":{"start":{"line":75,"column":4},"end":{"line":75,"column":30}},"39":{"start":{"line":77,"column":4},"end":{"line":88,"column":64}},"40":{"start":{"line":83,"column":6},"end":{"line":87,"column":102}},"41":{"start":{"line":87,"column":21},"end":{"line":87,"column":42}},"42":{"start":{"line":87,"column":57},"end":{"line":87,"column":74}},"43":{"start":{"line":87,"column":74},"end":{"line":87,"column":100}},"44":{"start":{"line":88,"column":19},"end":{"line":88,"column":36}},"45":{"start":{"line":88,"column":36},"end":{"line":88,"column":62}},"46":{"start":{"line":91,"column":0},"end":{"line":118,"column":3}},"47":{"start":{"line":92,"column":4},"end":{"line":117,"column":64}},"48":{"start":{"line":93,"column":6},"end":{"line":115,"column":7}},"49":{"start":{"line":94,"column":8},"end":{"line":103,"column":68}},"50":{"start":{"line":102,"column":10},"end":{"line":102,"column":36}},"51":{"start":{"line":103,"column":23},"end":{"line":103,"column":40}},"52":{"start":{"line":103,"column":40},"end":{"line":103,"column":66}},"53":{"start":{"line":105,"column":8},"end":{"line":114,"column":68}},"54":{"start":{"line":113,"column":10},"end":{"line":113,"column":36}},"55":{"start":{"line":114,"column":23},"end":{"line":114,"column":40}},"56":{"start":{"line":114,"column":40},"end":{"line":114,"column":66}},"57":{"start":{"line":116,"column":6},"end":{"line":116,"column":27}},"58":{"start":{"line":117,"column":19},"end":{"line":117,"column":36}},"59":{"start":{"line":117,"column":36},"end":{"line":117,"column":62}},"60":{"start":{"line":120,"column":0},"end":{"line":163,"column":1}},"61":{"start":{"line":121,"column":4},"end":{"line":121,"column":25}},"62":{"start":{"line":122,"column":4},"end":{"line":122,"column":36}},"63":{"start":{"line":123,"column":4},"end":{"line":123,"column":36}},"64":{"start":{"line":124,"column":4},"end":{"line":124,"column":22}},"65":{"start":{"line":125,"column":4},"end":{"line":125,"column":26}},"66":{"start":{"line":126,"column":4},"end":{"line":126,"column":13}},"67":{"start":{"line":128,"column":4},"end":{"line":130,"column":5}},"68":{"start":{"line":129,"column":6},"end":{"line":129,"column":32}},"69":{"start":{"line":132,"column":4},"end":{"line":162,"column":64}},"70":{"start":{"line":140,"column":6},"end":{"line":140,"column":21}},"71":{"start":{"line":141,"column":6},"end":{"line":161,"column":8}},"72":{"start":{"line":149,"column":8},"end":{"line":149,"column":23}},"73":{"start":{"line":150,"column":8},"end":{"line":160,"column":111}},"74":{"start":{"line":160,"column":23},"end":{"line":160,"column":51}},"75":{"start":{"line":160,"column":66},"end":{"line":160,"column":83}},"76":{"start":{"line":160,"column":83},"end":{"line":160,"column":109}},"77":{"start":{"line":162,"column":19},"end":{"line":162,"column":36}},"78":{"start":{"line":162,"column":36},"end":{"line":162,"column":62}},"79":{"start":{"line":165,"column":0},"end":{"line":184,"column":1}},"80":{"start":{"line":166,"column":4},"end":{"line":166,"column":16}},"81":{"start":{"line":167,"column":4},"end":{"line":167,"column":20}},"82":{"start":{"line":168,"column":4},"end":{"line":183,"column":64}},"83":{"start":{"line":169,"column":6},"end":{"line":181,"column":7}},"84":{"start":{"line":170,"column":8},"end":{"line":180,"column":68}},"85":{"start":{"line":176,"column":10},"end":{"line":179,"column":11}},"86":{"start":{"line":177,"column":10},"end":{"line":177,"column":39}},"87":{"start":{"line":178,"column":10},"end":{"line":178,"column":30}},"88":{"start":{"line":180,"column":23},"end":{"line":180,"column":40}},"89":{"start":{"line":180,"column":40},"end":{"line":180,"column":66}},"90":{"start":{"line":182,"column":6},"end":{"line":182,"column":32}},"91":{"start":{"line":183,"column":19},"end":{"line":183,"column":36}},"92":{"start":{"line":183,"column":36},"end":{"line":183,"column":62}},"93":{"start":{"line":186,"column":0},"end":{"line":202,"column":1}},"94":{"start":{"line":187,"column":4},"end":{"line":187,"column":30}},"95":{"start":{"line":188,"column":4},"end":{"line":188,"column":60}},"96":{"start":{"line":189,"column":4},"end":{"line":189,"column":60}},"97":{"start":{"line":191,"column":4},"end":{"line":200,"column":107}},"98":{"start":{"line":200,"column":19},"end":{"line":200,"column":47}},"99":{"start":{"line":200,"column":62},"end":{"line":200,"column":79}},"100":{"start":{"line":200,"column":79},"end":{"line":200,"column":105}}},"fnMap":{"0":{"name":"(anonymous_0)","decl":{"start":{"line":9,"column":19},"end":{"line":9,"column":20}},"loc":{"start":{"line":9,"column":35},"end":{"line":35,"column":3}},"line":9},"1":{"name":"(anonymous_1)","decl":{"start":{"line":24,"column":14},"end":{"line":24,"column":15}},"loc":{"start":{"line":24,"column":28},"end":{"line":34,"column":7}},"line":24},"2":{"name":"(anonymous_2)","decl":{"start":{"line":32,"column":17},"end":{"line":32,"column":18}},"loc":{"start":{"line":32,"column":22},"end":{"line":32,"column":67}},"line":32},"3":{"name":"(anonymous_3)","decl":{"start":{"line":34,"column":15},"end":{"line":34,"column":16}},"loc":{"start":{"line":34,"column":20},"end":{"line":34,"column":65}},"line":34},"4":{"name":"(anonymous_4)","decl":{"start":{"line":37,"column":20},"end":{"line":37,"column":21}},"loc":{"start":{"line":37,"column":36},"end":{"line":43,"column":3}},"line":37},"5":{"name":"(anonymous_5)","decl":{"start":{"line":42,"column":10},"end":{"line":42,"column":11}},"loc":{"start":{"line":42,"column":16},"end":{"line":42,"column":46}},"line":42},"6":{"name":"(anonymous_6)","decl":{"start":{"line":42,"column":54},"end":{"line":42,"column":55}},"loc":{"start":{"line":42,"column":59},"end":{"line":42,"column":87}},"line":42},"7":{"name":"(anonymous_7)","decl":{"start":{"line":45,"column":22},"end":{"line":45,"column":23}},"loc":{"start":{"line":45,"column":38},"end":{"line":51,"column":3}},"line":45},"8":{"name":"(anonymous_8)","decl":{"start":{"line":50,"column":16},"end":{"line":50,"column":17}},"loc":{"start":{"line":50,"column":24},"end":{"line":50,"column":49}},"line":50},"9":{"name":"(anonymous_9)","decl":{"start":{"line":50,"column":57},"end":{"line":50,"column":58}},"loc":{"start":{"line":50,"column":62},"end":{"line":50,"column":107}},"line":50},"10":{"name":"(anonymous_10)","decl":{"start":{"line":53,"column":20},"end":{"line":53,"column":21}},"loc":{"start":{"line":53,"column":37},"end":{"line":63,"column":3}},"line":53},"11":{"name":"(anonymous_11)","decl":{"start":{"line":59,"column":12},"end":{"line":59,"column":13}},"loc":{"start":{"line":59,"column":18},"end":{"line":61,"column":5}},"line":59},"12":{"name":"(anonymous_12)","decl":{"start":{"line":61,"column":13},"end":{"line":61,"column":14}},"loc":{"start":{"line":61,"column":18},"end":{"line":61,"column":63}},"line":61},"13":{"name":"(anonymous_13)","decl":{"start":{"line":65,"column":18},"end":{"line":65,"column":19}},"loc":{"start":{"line":65,"column":35},"end":{"line":71,"column":3}},"line":65},"14":{"name":"(anonymous_14)","decl":{"start":{"line":70,"column":12},"end":{"line":70,"column":13}},"loc":{"start":{"line":70,"column":18},"end":{"line":70,"column":41}},"line":70},"15":{"name":"(anonymous_15)","decl":{"start":{"line":70,"column":49},"end":{"line":70,"column":50}},"loc":{"start":{"line":70,"column":54},"end":{"line":70,"column":99}},"line":70},"16":{"name":"(anonymous_16)","decl":{"start":{"line":73,"column":17},"end":{"line":73,"column":18}},"loc":{"start":{"line":73,"column":34},"end":{"line":89,"column":1}},"line":73},"17":{"name":"(anonymous_17)","decl":{"start":{"line":82,"column":12},"end":{"line":82,"column":13}},"loc":{"start":{"line":82,"column":24},"end":{"line":88,"column":5}},"line":82},"18":{"name":"(anonymous_18)","decl":{"start":{"line":87,"column":14},"end":{"line":87,"column":15}},"loc":{"start":{"line":87,"column":20},"end":{"line":87,"column":43}},"line":87},"19":{"name":"(anonymous_19)","decl":{"start":{"line":87,"column":51},"end":{"line":87,"column":52}},"loc":{"start":{"line":87,"column":56},"end":{"line":87,"column":101}},"line":87},"20":{"name":"(anonymous_20)","decl":{"start":{"line":88,"column":13},"end":{"line":88,"column":14}},"loc":{"start":{"line":88,"column":18},"end":{"line":88,"column":63}},"line":88},"21":{"name":"(anonymous_21)","decl":{"start":{"line":91,"column":20},"end":{"line":91,"column":21}},"loc":{"start":{"line":91,"column":37},"end":{"line":118,"column":3}},"line":91},"22":{"name":"(anonymous_22)","decl":{"start":{"line":92,"column":42},"end":{"line":92,"column":43}},"loc":{"start":{"line":92,"column":54},"end":{"line":117,"column":5}},"line":92},"23":{"name":"(anonymous_23)","decl":{"start":{"line":101,"column":16},"end":{"line":101,"column":17}},"loc":{"start":{"line":101,"column":24},"end":{"line":103,"column":9}},"line":101},"24":{"name":"(anonymous_24)","decl":{"start":{"line":103,"column":17},"end":{"line":103,"column":18}},"loc":{"start":{"line":103,"column":22},"end":{"line":103,"column":67}},"line":103},"25":{"name":"(anonymous_25)","decl":{"start":{"line":112,"column":16},"end":{"line":112,"column":17}},"loc":{"start":{"line":112,"column":24},"end":{"line":114,"column":9}},"line":112},"26":{"name":"(anonymous_26)","decl":{"start":{"line":114,"column":17},"end":{"line":114,"column":18}},"loc":{"start":{"line":114,"column":22},"end":{"line":114,"column":67}},"line":114},"27":{"name":"(anonymous_27)","decl":{"start":{"line":117,"column":13},"end":{"line":117,"column":14}},"loc":{"start":{"line":117,"column":18},"end":{"line":117,"column":63}},"line":117},"28":{"name":"(anonymous_28)","decl":{"start":{"line":120,"column":22},"end":{"line":120,"column":23}},"loc":{"start":{"line":120,"column":39},"end":{"line":163,"column":1}},"line":120},"29":{"name":"(anonymous_29)","decl":{"start":{"line":139,"column":12},"end":{"line":139,"column":13}},"loc":{"start":{"line":139,"column":24},"end":{"line":162,"column":5}},"line":139},"30":{"name":"(anonymous_30)","decl":{"start":{"line":148,"column":14},"end":{"line":148,"column":15}},"loc":{"start":{"line":148,"column":26},"end":{"line":161,"column":7}},"line":148},"31":{"name":"(anonymous_31)","decl":{"start":{"line":160,"column":16},"end":{"line":160,"column":17}},"loc":{"start":{"line":160,"column":22},"end":{"line":160,"column":52}},"line":160},"32":{"name":"(anonymous_32)","decl":{"start":{"line":160,"column":60},"end":{"line":160,"column":61}},"loc":{"start":{"line":160,"column":65},"end":{"line":160,"column":110}},"line":160},"33":{"name":"(anonymous_33)","decl":{"start":{"line":162,"column":13},"end":{"line":162,"column":14}},"loc":{"start":{"line":162,"column":18},"end":{"line":162,"column":63}},"line":162},"34":{"name":"(anonymous_34)","decl":{"start":{"line":165,"column":18},"end":{"line":165,"column":19}},"loc":{"start":{"line":165,"column":35},"end":{"line":184,"column":1}},"line":165},"35":{"name":"(anonymous_35)","decl":{"start":{"line":168,"column":37},"end":{"line":168,"column":38}},"loc":{"start":{"line":168,"column":49},"end":{"line":183,"column":5}},"line":168},"36":{"name":"(anonymous_36)","decl":{"start":{"line":175,"column":16},"end":{"line":175,"column":17}},"loc":{"start":{"line":175,"column":24},"end":{"line":180,"column":9}},"line":175},"37":{"name":"(anonymous_37)","decl":{"start":{"line":180,"column":17},"end":{"line":180,"column":18}},"loc":{"start":{"line":180,"column":22},"end":{"line":180,"column":67}},"line":180},"38":{"name":"(anonymous_38)","decl":{"start":{"line":183,"column":13},"end":{"line":183,"column":14}},"loc":{"start":{"line":183,"column":18},"end":{"line":183,"column":63}},"line":183},"39":{"name":"(anonymous_39)","decl":{"start":{"line":186,"column":17},"end":{"line":186,"column":18}},"loc":{"start":{"line":186,"column":34},"end":{"line":202,"column":1}},"line":186},"40":{"name":"(anonymous_40)","decl":{"start":{"line":200,"column":12},"end":{"line":200,"column":13}},"loc":{"start":{"line":200,"column":18},"end":{"line":200,"column":48}},"line":200},"41":{"name":"(anonymous_41)","decl":{"start":{"line":200,"column":56},"end":{"line":200,"column":57}},"loc":{"start":{"line":200,"column":61},"end":{"line":200,"column":106}},"line":200}},"branchMap":{"0":{"loc":{"start":{"line":176,"column":10},"end":{"line":179,"column":11}},"type":"if","locations":[{"start":{"line":176,"column":10},"end":{"line":179,"column":11}},{"start":{"line":176,"column":10},"end":{"line":179,"column":11}}],"line":176}},"s":{"0":2,"1":2,"2":2,"3":2,"4":2,"5":2,"6":1,"7":1,"8":1,"9":1,"10":1,"11":0,"12":0,"13":1,"14":0,"15":0,"16":2,"17":1,"18":1,"19":0,"20":2,"21":2,"22":2,"23":0,"24":0,"25":2,"26":1,"27":1,"28":1,"29":0,"30":0,"31":2,"32":1,"33":1,"34":0,"35":0,"36":2,"37":1,"38":1,"39":1,"40":1,"41":1,"42":0,"43":0,"44":0,"45":0,"46":2,"47":1,"48":1,"49":15,"50":15,"51":0,"52":0,"53":15,"54":15,"55":0,"56":0,"57":1,"58":0,"59":0,"60":2,"61":0,"62":0,"63":0,"64":0,"65":0,"66":0,"67":0,"68":0,"69":0,"70":0,"71":0,"72":0,"73":0,"74":0,"75":0,"76":0,"77":0,"78":0,"79":2,"80":1,"81":1,"82":1,"83":1,"84":20,"85":20,"86":0,"87":0,"88":0,"89":0,"90":1,"91":0,"92":0,"93":2,"94":1,"95":1,"96":1,"97":1,"98":1,"99":0,"100":0},"f":{"0":1,"1":1,"2":0,"3":0,"4":1,"5":1,"6":0,"7":2,"8":2,"9":0,"10":1,"11":1,"12":0,"13":1,"14":1,"15":0,"16":1,"17":1,"18":1,"19":0,"20":0,"21":1,"22":1,"23":15,"24":0,"25":15,"26":0,"27":0,"28":0,"29":0,"30":0,"31":0,"32":0,"33":0,"34":1,"35":1,"36":20,"37":0,"38":0,"39":1,"40":1,"41":0},"b":{"0":[0,20]},"_coverageSchema":"1a1c01bbd47fc00a2c39e90264f33305004495a9","hash":"049add608dd960de1ca71ed93a94b8465439786f"}
,"E:\\01.CodingMart_Tasks\\Flipzon-Angular\\server\\src\\controllers\\UserController.js": {"path":"E:\\01.CodingMart_Tasks\\Flipzon-Angular\\server\\src\\controllers\\UserController.js","statementMap":{"0":{"start":{"line":1,"column":13},"end":{"line":1,"column":59}},"1":{"start":{"line":2,"column":13},"end":{"line":2,"column":30}},"2":{"start":{"line":4,"column":22},"end":{"line":4,"column":44}},"3":{"start":{"line":5,"column":10},"end":{"line":5,"column":33}},"4":{"start":{"line":6,"column":16},"end":{"line":6,"column":38}},"5":{"start":{"line":9,"column":0},"end":{"line":53,"column":3}},"6":{"start":{"line":10,"column":4},"end":{"line":10,"column":27}},"7":{"start":{"line":11,"column":4},"end":{"line":11,"column":29}},"8":{"start":{"line":12,"column":4},"end":{"line":12,"column":33}},"9":{"start":{"line":13,"column":4},"end":{"line":13,"column":29}},"10":{"start":{"line":14,"column":4},"end":{"line":14,"column":35}},"11":{"start":{"line":16,"column":4},"end":{"line":52,"column":8}},"12":{"start":{"line":21,"column":10},"end":{"line":51,"column":11}},"13":{"start":{"line":22,"column":12},"end":{"line":47,"column":14}},"14":{"start":{"line":31,"column":14},"end":{"line":46,"column":17}},"15":{"start":{"line":32,"column":16},"end":{"line":36,"column":17}},"16":{"start":{"line":37,"column":18},"end":{"line":37,"column":65}},"17":{"start":{"line":38,"column":18},"end":{"line":44,"column":61}},"18":{"start":{"line":44,"column":33},"end":{"line":44,"column":59}},"19":{"start":{"line":45,"column":18},"end":{"line":45,"column":42}},"20":{"start":{"line":50,"column":12},"end":{"line":50,"column":31}},"21":{"start":{"line":55,"column":0},"end":{"line":81,"column":1}},"22":{"start":{"line":56,"column":6},"end":{"line":56,"column":37}},"23":{"start":{"line":57,"column":6},"end":{"line":57,"column":37}},"24":{"start":{"line":58,"column":6},"end":{"line":79,"column":66}},"25":{"start":{"line":70,"column":8},"end":{"line":70,"column":60}},"26":{"start":{"line":71,"column":8},"end":{"line":77,"column":68}},"27":{"start":{"line":77,"column":23},"end":{"line":77,"column":40}},"28":{"start":{"line":77,"column":40},"end":{"line":77,"column":66}},"29":{"start":{"line":78,"column":8},"end":{"line":78,"column":32}},"30":{"start":{"line":79,"column":21},"end":{"line":79,"column":38}},"31":{"start":{"line":79,"column":38},"end":{"line":79,"column":64}},"32":{"start":{"line":83,"column":0},"end":{"line":89,"column":1}},"33":{"start":{"line":84,"column":4},"end":{"line":88,"column":90}},"34":{"start":{"line":88,"column":19},"end":{"line":88,"column":47}},"35":{"start":{"line":88,"column":62},"end":{"line":88,"column":88}},"36":{"start":{"line":91,"column":0},"end":{"line":124,"column":3}},"37":{"start":{"line":92,"column":4},"end":{"line":92,"column":35}},"38":{"start":{"line":93,"column":4},"end":{"line":93,"column":16}},"39":{"start":{"line":94,"column":4},"end":{"line":122,"column":62}},"40":{"start":{"line":103,"column":4},"end":{"line":121,"column":64}},"41":{"start":{"line":108,"column":6},"end":{"line":119,"column":7}},"42":{"start":{"line":109,"column":8},"end":{"line":109,"column":42}},"43":{"start":{"line":110,"column":8},"end":{"line":118,"column":68}},"44":{"start":{"line":115,"column":10},"end":{"line":117,"column":11}},"45":{"start":{"line":116,"column":10},"end":{"line":116,"column":33}},"46":{"start":{"line":118,"column":23},"end":{"line":118,"column":40}},"47":{"start":{"line":118,"column":40},"end":{"line":118,"column":66}},"48":{"start":{"line":120,"column":6},"end":{"line":120,"column":20}},"49":{"start":{"line":121,"column":19},"end":{"line":121,"column":36}},"50":{"start":{"line":121,"column":36},"end":{"line":121,"column":62}},"51":{"start":{"line":122,"column":17},"end":{"line":122,"column":34}},"52":{"start":{"line":122,"column":34},"end":{"line":122,"column":60}},"53":{"start":{"line":123,"column":2},"end":{"line":123,"column":28}},"54":{"start":{"line":126,"column":2},"end":{"line":158,"column":3}},"55":{"start":{"line":127,"column":4},"end":{"line":127,"column":37}},"56":{"start":{"line":128,"column":4},"end":{"line":157,"column":64}},"57":{"start":{"line":133,"column":6},"end":{"line":133,"column":21}},"58":{"start":{"line":134,"column":6},"end":{"line":134,"column":21}},"59":{"start":{"line":135,"column":6},"end":{"line":144,"column":8}},"60":{"start":{"line":143,"column":8},"end":{"line":143,"column":42}},"61":{"start":{"line":145,"column":6},"end":{"line":154,"column":8}},"62":{"start":{"line":153,"column":8},"end":{"line":153,"column":33}},"63":{"start":{"line":156,"column":6},"end":{"line":156,"column":27}},"64":{"start":{"line":157,"column":19},"end":{"line":157,"column":36}},"65":{"start":{"line":157,"column":36},"end":{"line":157,"column":62}},"66":{"start":{"line":160,"column":17},"end":{"line":160,"column":145}},"67":{"start":{"line":161,"column":2},"end":{"line":192,"column":1}},"68":{"start":{"line":162,"column":4},"end":{"line":162,"column":25}},"69":{"start":{"line":163,"column":4},"end":{"line":163,"column":25}},"70":{"start":{"line":164,"column":4},"end":{"line":164,"column":35}},"71":{"start":{"line":165,"column":4},"end":{"line":165,"column":37}},"72":{"start":{"line":166,"column":4},"end":{"line":166,"column":39}},"73":{"start":{"line":167,"column":4},"end":{"line":191,"column":7}},"74":{"start":{"line":173,"column":8},"end":{"line":187,"column":7}},"75":{"start":{"line":174,"column":12},"end":{"line":182,"column":97}},"76":{"start":{"line":182,"column":27},"end":{"line":182,"column":54}},"77":{"start":{"line":182,"column":69},"end":{"line":182,"column":95}},"78":{"start":{"line":186,"column":8},"end":{"line":186,"column":35}},"79":{"start":{"line":190,"column":6},"end":{"line":190,"column":25}},"80":{"start":{"line":194,"column":0},"end":{"line":216,"column":1}},"81":{"start":{"line":195,"column":4},"end":{"line":195,"column":28}},"82":{"start":{"line":196,"column":4},"end":{"line":196,"column":28}},"83":{"start":{"line":198,"column":4},"end":{"line":215,"column":64}},"84":{"start":{"line":204,"column":6},"end":{"line":214,"column":7}},"85":{"start":{"line":205,"column":8},"end":{"line":210,"column":57}},"86":{"start":{"line":210,"column":23},"end":{"line":210,"column":55}},"87":{"start":{"line":213,"column":8},"end":{"line":213,"column":34}},"88":{"start":{"line":215,"column":19},"end":{"line":215,"column":36}},"89":{"start":{"line":215,"column":36},"end":{"line":215,"column":62}},"90":{"start":{"line":218,"column":0},"end":{"line":266,"column":1}},"91":{"start":{"line":219,"column":4},"end":{"line":219,"column":21}},"92":{"start":{"line":220,"column":4},"end":{"line":265,"column":64}},"93":{"start":{"line":225,"column":6},"end":{"line":263,"column":7}},"94":{"start":{"line":226,"column":8},"end":{"line":232,"column":10}},"95":{"start":{"line":231,"column":10},"end":{"line":231,"column":36}},"96":{"start":{"line":234,"column":8},"end":{"line":240,"column":10}},"97":{"start":{"line":239,"column":10},"end":{"line":239,"column":36}},"98":{"start":{"line":242,"column":8},"end":{"line":251,"column":10}},"99":{"start":{"line":250,"column":10},"end":{"line":250,"column":36}},"100":{"start":{"line":253,"column":8},"end":{"line":262,"column":10}},"101":{"start":{"line":261,"column":10},"end":{"line":261,"column":36}},"102":{"start":{"line":264,"column":6},"end":{"line":264,"column":27}},"103":{"start":{"line":265,"column":19},"end":{"line":265,"column":36}},"104":{"start":{"line":265,"column":36},"end":{"line":265,"column":62}},"105":{"start":{"line":269,"column":0},"end":{"line":319,"column":1}},"106":{"start":{"line":270,"column":4},"end":{"line":270,"column":25}},"107":{"start":{"line":271,"column":4},"end":{"line":271,"column":31}},"108":{"start":{"line":272,"column":4},"end":{"line":318,"column":64}},"109":{"start":{"line":278,"column":6},"end":{"line":316,"column":7}},"110":{"start":{"line":279,"column":8},"end":{"line":285,"column":10}},"111":{"start":{"line":284,"column":10},"end":{"line":284,"column":36}},"112":{"start":{"line":287,"column":8},"end":{"line":293,"column":10}},"113":{"start":{"line":292,"column":10},"end":{"line":292,"column":36}},"114":{"start":{"line":295,"column":8},"end":{"line":304,"column":10}},"115":{"start":{"line":303,"column":10},"end":{"line":303,"column":36}},"116":{"start":{"line":306,"column":8},"end":{"line":315,"column":10}},"117":{"start":{"line":314,"column":10},"end":{"line":314,"column":36}},"118":{"start":{"line":317,"column":6},"end":{"line":317,"column":27}},"119":{"start":{"line":318,"column":19},"end":{"line":318,"column":36}},"120":{"start":{"line":318,"column":36},"end":{"line":318,"column":62}},"121":{"start":{"line":321,"column":0},"end":{"line":330,"column":1}},"122":{"start":{"line":322,"column":4},"end":{"line":322,"column":25}},"123":{"start":{"line":323,"column":4},"end":{"line":323,"column":25}},"124":{"start":{"line":325,"column":4},"end":{"line":329,"column":97}},"125":{"start":{"line":329,"column":19},"end":{"line":329,"column":37}},"126":{"start":{"line":329,"column":52},"end":{"line":329,"column":69}},"127":{"start":{"line":329,"column":69},"end":{"line":329,"column":95}},"128":{"start":{"line":332,"column":0},"end":{"line":339,"column":1}},"129":{"start":{"line":333,"column":4},"end":{"line":333,"column":21}},"130":{"start":{"line":334,"column":4},"end":{"line":338,"column":109}},"131":{"start":{"line":338,"column":19},"end":{"line":338,"column":49}},"132":{"start":{"line":338,"column":64},"end":{"line":338,"column":81}},"133":{"start":{"line":338,"column":81},"end":{"line":338,"column":107}},"134":{"start":{"line":341,"column":0},"end":{"line":349,"column":1}},"135":{"start":{"line":342,"column":4},"end":{"line":342,"column":32}},"136":{"start":{"line":343,"column":4},"end":{"line":348,"column":107}},"137":{"start":{"line":348,"column":19},"end":{"line":348,"column":47}},"138":{"start":{"line":348,"column":62},"end":{"line":348,"column":79}},"139":{"start":{"line":348,"column":79},"end":{"line":348,"column":105}},"140":{"start":{"line":351,"column":0},"end":{"line":382,"column":3}},"141":{"start":{"line":352,"column":4},"end":{"line":381,"column":64}},"142":{"start":{"line":357,"column":6},"end":{"line":379,"column":7}},"143":{"start":{"line":358,"column":10},"end":{"line":367,"column":12}},"144":{"start":{"line":366,"column":12},"end":{"line":366,"column":38}},"145":{"start":{"line":369,"column":10},"end":{"line":378,"column":12}},"146":{"start":{"line":377,"column":12},"end":{"line":377,"column":38}},"147":{"start":{"line":380,"column":6},"end":{"line":380,"column":27}},"148":{"start":{"line":381,"column":19},"end":{"line":381,"column":36}},"149":{"start":{"line":381,"column":36},"end":{"line":381,"column":62}},"150":{"start":{"line":384,"column":0},"end":{"line":407,"column":3}},"151":{"start":{"line":385,"column":4},"end":{"line":385,"column":21}},"152":{"start":{"line":386,"column":4},"end":{"line":406,"column":64}},"153":{"start":{"line":391,"column":8},"end":{"line":404,"column":9}},"154":{"start":{"line":392,"column":10},"end":{"line":403,"column":12}},"155":{"start":{"line":401,"column":12},"end":{"line":401,"column":33}},"156":{"start":{"line":402,"column":12},"end":{"line":402,"column":35}},"157":{"start":{"line":405,"column":8},"end":{"line":405,"column":29}},"158":{"start":{"line":406,"column":19},"end":{"line":406,"column":36}},"159":{"start":{"line":406,"column":36},"end":{"line":406,"column":62}},"160":{"start":{"line":409,"column":0},"end":{"line":418,"column":3}},"161":{"start":{"line":410,"column":4},"end":{"line":410,"column":21}},"162":{"start":{"line":412,"column":4},"end":{"line":416,"column":100}},"163":{"start":{"line":416,"column":19},"end":{"line":416,"column":40}},"164":{"start":{"line":416,"column":55},"end":{"line":416,"column":72}},"165":{"start":{"line":416,"column":72},"end":{"line":416,"column":98}}},"fnMap":{"0":{"name":"(anonymous_0)","decl":{"start":{"line":9,"column":21},"end":{"line":9,"column":22}},"loc":{"start":{"line":9,"column":38},"end":{"line":53,"column":3}},"line":9},"1":{"name":"(anonymous_1)","decl":{"start":{"line":20,"column":12},"end":{"line":20,"column":13}},"loc":{"start":{"line":20,"column":26},"end":{"line":52,"column":7}},"line":20},"2":{"name":"(anonymous_2)","decl":{"start":{"line":30,"column":20},"end":{"line":30,"column":21}},"loc":{"start":{"line":30,"column":34},"end":{"line":47,"column":13}},"line":30},"3":{"name":"(anonymous_3)","decl":{"start":{"line":44,"column":27},"end":{"line":44,"column":28}},"loc":{"start":{"line":44,"column":32},"end":{"line":44,"column":60}},"line":44},"4":{"name":"(anonymous_4)","decl":{"start":{"line":55,"column":18},"end":{"line":55,"column":19}},"loc":{"start":{"line":55,"column":35},"end":{"line":81,"column":1}},"line":55},"5":{"name":"(anonymous_5)","decl":{"start":{"line":69,"column":14},"end":{"line":69,"column":15}},"loc":{"start":{"line":69,"column":28},"end":{"line":79,"column":7}},"line":69},"6":{"name":"(anonymous_6)","decl":{"start":{"line":77,"column":17},"end":{"line":77,"column":18}},"loc":{"start":{"line":77,"column":22},"end":{"line":77,"column":67}},"line":77},"7":{"name":"(anonymous_7)","decl":{"start":{"line":79,"column":15},"end":{"line":79,"column":16}},"loc":{"start":{"line":79,"column":20},"end":{"line":79,"column":65}},"line":79},"8":{"name":"(anonymous_8)","decl":{"start":{"line":83,"column":19},"end":{"line":83,"column":20}},"loc":{"start":{"line":83,"column":36},"end":{"line":89,"column":1}},"line":83},"9":{"name":"(anonymous_9)","decl":{"start":{"line":88,"column":12},"end":{"line":88,"column":13}},"loc":{"start":{"line":88,"column":18},"end":{"line":88,"column":48}},"line":88},"10":{"name":"(anonymous_10)","decl":{"start":{"line":88,"column":56},"end":{"line":88,"column":57}},"loc":{"start":{"line":88,"column":61},"end":{"line":88,"column":89}},"line":88},"11":{"name":"(anonymous_11)","decl":{"start":{"line":91,"column":20},"end":{"line":91,"column":21}},"loc":{"start":{"line":91,"column":37},"end":{"line":124,"column":3}},"line":91},"12":{"name":"(anonymous_12)","decl":{"start":{"line":102,"column":10},"end":{"line":102,"column":11}},"loc":{"start":{"line":102,"column":26},"end":{"line":122,"column":3}},"line":102},"13":{"name":"(anonymous_13)","decl":{"start":{"line":107,"column":12},"end":{"line":107,"column":13}},"loc":{"start":{"line":107,"column":24},"end":{"line":121,"column":5}},"line":107},"14":{"name":"(anonymous_14)","decl":{"start":{"line":114,"column":16},"end":{"line":114,"column":17}},"loc":{"start":{"line":114,"column":24},"end":{"line":118,"column":9}},"line":114},"15":{"name":"(anonymous_15)","decl":{"start":{"line":118,"column":17},"end":{"line":118,"column":18}},"loc":{"start":{"line":118,"column":22},"end":{"line":118,"column":67}},"line":118},"16":{"name":"(anonymous_16)","decl":{"start":{"line":121,"column":13},"end":{"line":121,"column":14}},"loc":{"start":{"line":121,"column":18},"end":{"line":121,"column":63}},"line":121},"17":{"name":"(anonymous_17)","decl":{"start":{"line":122,"column":11},"end":{"line":122,"column":12}},"loc":{"start":{"line":122,"column":16},"end":{"line":122,"column":61}},"line":122},"18":{"name":"(anonymous_18)","decl":{"start":{"line":126,"column":24},"end":{"line":126,"column":25}},"loc":{"start":{"line":126,"column":41},"end":{"line":158,"column":3}},"line":126},"19":{"name":"(anonymous_19)","decl":{"start":{"line":132,"column":12},"end":{"line":132,"column":13}},"loc":{"start":{"line":132,"column":24},"end":{"line":157,"column":5}},"line":132},"20":{"name":"(anonymous_20)","decl":{"start":{"line":142,"column":14},"end":{"line":142,"column":15}},"loc":{"start":{"line":142,"column":24},"end":{"line":144,"column":7}},"line":142},"21":{"name":"(anonymous_21)","decl":{"start":{"line":152,"column":14},"end":{"line":152,"column":15}},"loc":{"start":{"line":152,"column":21},"end":{"line":154,"column":7}},"line":152},"22":{"name":"(anonymous_22)","decl":{"start":{"line":157,"column":13},"end":{"line":157,"column":14}},"loc":{"start":{"line":157,"column":18},"end":{"line":157,"column":63}},"line":157},"23":{"name":"(anonymous_23)","decl":{"start":{"line":161,"column":21},"end":{"line":161,"column":22}},"loc":{"start":{"line":161,"column":38},"end":{"line":192,"column":1}},"line":161},"24":{"name":"(anonymous_24)","decl":{"start":{"line":172,"column":12},"end":{"line":172,"column":13}},"loc":{"start":{"line":172,"column":30},"end":{"line":188,"column":5}},"line":172},"25":{"name":"(anonymous_25)","decl":{"start":{"line":182,"column":20},"end":{"line":182,"column":21}},"loc":{"start":{"line":182,"column":26},"end":{"line":182,"column":55}},"line":182},"26":{"name":"(anonymous_26)","decl":{"start":{"line":182,"column":63},"end":{"line":182,"column":64}},"loc":{"start":{"line":182,"column":68},"end":{"line":182,"column":96}},"line":182},"27":{"name":"(anonymous_27)","decl":{"start":{"line":188,"column":13},"end":{"line":188,"column":14}},"loc":{"start":{"line":188,"column":22},"end":{"line":191,"column":5}},"line":188},"28":{"name":"(anonymous_28)","decl":{"start":{"line":194,"column":18},"end":{"line":194,"column":19}},"loc":{"start":{"line":194,"column":35},"end":{"line":216,"column":1}},"line":194},"29":{"name":"(anonymous_29)","decl":{"start":{"line":203,"column":12},"end":{"line":203,"column":13}},"loc":{"start":{"line":203,"column":24},"end":{"line":215,"column":5}},"line":203},"30":{"name":"(anonymous_30)","decl":{"start":{"line":210,"column":16},"end":{"line":210,"column":17}},"loc":{"start":{"line":210,"column":22},"end":{"line":210,"column":56}},"line":210},"31":{"name":"(anonymous_31)","decl":{"start":{"line":215,"column":13},"end":{"line":215,"column":14}},"loc":{"start":{"line":215,"column":18},"end":{"line":215,"column":63}},"line":215},"32":{"name":"(anonymous_32)","decl":{"start":{"line":218,"column":13},"end":{"line":218,"column":14}},"loc":{"start":{"line":218,"column":30},"end":{"line":266,"column":1}},"line":218},"33":{"name":"(anonymous_33)","decl":{"start":{"line":224,"column":12},"end":{"line":224,"column":13}},"loc":{"start":{"line":224,"column":24},"end":{"line":265,"column":5}},"line":224},"34":{"name":"(anonymous_34)","decl":{"start":{"line":230,"column":16},"end":{"line":230,"column":17}},"loc":{"start":{"line":230,"column":24},"end":{"line":232,"column":9}},"line":230},"35":{"name":"(anonymous_35)","decl":{"start":{"line":238,"column":16},"end":{"line":238,"column":17}},"loc":{"start":{"line":238,"column":24},"end":{"line":240,"column":9}},"line":238},"36":{"name":"(anonymous_36)","decl":{"start":{"line":249,"column":16},"end":{"line":249,"column":17}},"loc":{"start":{"line":249,"column":24},"end":{"line":251,"column":9}},"line":249},"37":{"name":"(anonymous_37)","decl":{"start":{"line":260,"column":16},"end":{"line":260,"column":17}},"loc":{"start":{"line":260,"column":24},"end":{"line":262,"column":9}},"line":260},"38":{"name":"(anonymous_38)","decl":{"start":{"line":265,"column":13},"end":{"line":265,"column":14}},"loc":{"start":{"line":265,"column":18},"end":{"line":265,"column":63}},"line":265},"39":{"name":"(anonymous_39)","decl":{"start":{"line":269,"column":27},"end":{"line":269,"column":28}},"loc":{"start":{"line":269,"column":44},"end":{"line":319,"column":1}},"line":269},"40":{"name":"(anonymous_40)","decl":{"start":{"line":277,"column":12},"end":{"line":277,"column":13}},"loc":{"start":{"line":277,"column":24},"end":{"line":318,"column":5}},"line":277},"41":{"name":"(anonymous_41)","decl":{"start":{"line":283,"column":16},"end":{"line":283,"column":17}},"loc":{"start":{"line":283,"column":24},"end":{"line":285,"column":9}},"line":283},"42":{"name":"(anonymous_42)","decl":{"start":{"line":291,"column":16},"end":{"line":291,"column":17}},"loc":{"start":{"line":291,"column":24},"end":{"line":293,"column":9}},"line":291},"43":{"name":"(anonymous_43)","decl":{"start":{"line":302,"column":16},"end":{"line":302,"column":17}},"loc":{"start":{"line":302,"column":24},"end":{"line":304,"column":9}},"line":302},"44":{"name":"(anonymous_44)","decl":{"start":{"line":313,"column":16},"end":{"line":313,"column":17}},"loc":{"start":{"line":313,"column":24},"end":{"line":315,"column":9}},"line":313},"45":{"name":"(anonymous_45)","decl":{"start":{"line":318,"column":13},"end":{"line":318,"column":14}},"loc":{"start":{"line":318,"column":18},"end":{"line":318,"column":63}},"line":318},"46":{"name":"(anonymous_46)","decl":{"start":{"line":321,"column":19},"end":{"line":321,"column":20}},"loc":{"start":{"line":321,"column":36},"end":{"line":330,"column":1}},"line":321},"47":{"name":"(anonymous_47)","decl":{"start":{"line":329,"column":12},"end":{"line":329,"column":13}},"loc":{"start":{"line":329,"column":18},"end":{"line":329,"column":38}},"line":329},"48":{"name":"(anonymous_48)","decl":{"start":{"line":329,"column":46},"end":{"line":329,"column":47}},"loc":{"start":{"line":329,"column":51},"end":{"line":329,"column":96}},"line":329},"49":{"name":"(anonymous_49)","decl":{"start":{"line":332,"column":18},"end":{"line":332,"column":19}},"loc":{"start":{"line":332,"column":35},"end":{"line":339,"column":1}},"line":332},"50":{"name":"(anonymous_50)","decl":{"start":{"line":338,"column":12},"end":{"line":338,"column":13}},"loc":{"start":{"line":338,"column":18},"end":{"line":338,"column":50}},"line":338},"51":{"name":"(anonymous_51)","decl":{"start":{"line":338,"column":58},"end":{"line":338,"column":59}},"loc":{"start":{"line":338,"column":63},"end":{"line":338,"column":108}},"line":338},"52":{"name":"(anonymous_52)","decl":{"start":{"line":341,"column":22},"end":{"line":341,"column":23}},"loc":{"start":{"line":341,"column":38},"end":{"line":349,"column":1}},"line":341},"53":{"name":"(anonymous_53)","decl":{"start":{"line":348,"column":12},"end":{"line":348,"column":13}},"loc":{"start":{"line":348,"column":18},"end":{"line":348,"column":48}},"line":348},"54":{"name":"(anonymous_54)","decl":{"start":{"line":348,"column":56},"end":{"line":348,"column":57}},"loc":{"start":{"line":348,"column":61},"end":{"line":348,"column":106}},"line":348},"55":{"name":"(anonymous_55)","decl":{"start":{"line":351,"column":27},"end":{"line":351,"column":28}},"loc":{"start":{"line":351,"column":43},"end":{"line":382,"column":3}},"line":351},"56":{"name":"(anonymous_56)","decl":{"start":{"line":356,"column":12},"end":{"line":356,"column":13}},"loc":{"start":{"line":356,"column":24},"end":{"line":381,"column":5}},"line":356},"57":{"name":"(anonymous_57)","decl":{"start":{"line":365,"column":18},"end":{"line":365,"column":19}},"loc":{"start":{"line":365,"column":26},"end":{"line":367,"column":11}},"line":365},"58":{"name":"(anonymous_58)","decl":{"start":{"line":376,"column":18},"end":{"line":376,"column":19}},"loc":{"start":{"line":376,"column":26},"end":{"line":378,"column":11}},"line":376},"59":{"name":"(anonymous_59)","decl":{"start":{"line":381,"column":13},"end":{"line":381,"column":14}},"loc":{"start":{"line":381,"column":18},"end":{"line":381,"column":63}},"line":381},"60":{"name":"(anonymous_60)","decl":{"start":{"line":384,"column":19},"end":{"line":384,"column":20}},"loc":{"start":{"line":384,"column":36},"end":{"line":407,"column":3}},"line":384},"61":{"name":"(anonymous_61)","decl":{"start":{"line":390,"column":12},"end":{"line":390,"column":13}},"loc":{"start":{"line":390,"column":24},"end":{"line":406,"column":5}},"line":390},"62":{"name":"(anonymous_62)","decl":{"start":{"line":400,"column":18},"end":{"line":400,"column":19}},"loc":{"start":{"line":400,"column":26},"end":{"line":403,"column":11}},"line":400},"63":{"name":"(anonymous_63)","decl":{"start":{"line":406,"column":13},"end":{"line":406,"column":14}},"loc":{"start":{"line":406,"column":18},"end":{"line":406,"column":63}},"line":406},"64":{"name":"(anonymous_64)","decl":{"start":{"line":409,"column":22},"end":{"line":409,"column":23}},"loc":{"start":{"line":409,"column":39},"end":{"line":418,"column":3}},"line":409},"65":{"name":"(anonymous_65)","decl":{"start":{"line":416,"column":12},"end":{"line":416,"column":13}},"loc":{"start":{"line":416,"column":18},"end":{"line":416,"column":41}},"line":416},"66":{"name":"(anonymous_66)","decl":{"start":{"line":416,"column":49},"end":{"line":416,"column":50}},"loc":{"start":{"line":416,"column":54},"end":{"line":416,"column":99}},"line":416}},"branchMap":{"0":{"loc":{"start":{"line":21,"column":10},"end":{"line":51,"column":11}},"type":"if","locations":[{"start":{"line":21,"column":10},"end":{"line":51,"column":11}},{"start":{"line":21,"column":10},"end":{"line":51,"column":11}}],"line":21},"1":{"loc":{"start":{"line":31,"column":14},"end":{"line":46,"column":17}},"type":"if","locations":[{"start":{"line":31,"column":14},"end":{"line":46,"column":17}},{"start":{"line":31,"column":14},"end":{"line":46,"column":17}}],"line":31},"2":{"loc":{"start":{"line":115,"column":10},"end":{"line":117,"column":11}},"type":"if","locations":[{"start":{"line":115,"column":10},"end":{"line":117,"column":11}},{"start":{"line":115,"column":10},"end":{"line":117,"column":11}}],"line":115},"3":{"loc":{"start":{"line":173,"column":8},"end":{"line":187,"column":7}},"type":"if","locations":[{"start":{"line":173,"column":8},"end":{"line":187,"column":7}},{"start":{"line":173,"column":8},"end":{"line":187,"column":7}}],"line":173},"4":{"loc":{"start":{"line":204,"column":6},"end":{"line":214,"column":7}},"type":"if","locations":[{"start":{"line":204,"column":6},"end":{"line":214,"column":7}},{"start":{"line":204,"column":6},"end":{"line":214,"column":7}}],"line":204}},"s":{"0":2,"1":2,"2":2,"3":2,"4":2,"5":2,"6":0,"7":0,"8":0,"9":0,"10":0,"11":0,"12":0,"13":0,"14":0,"15":0,"16":0,"17":0,"18":0,"19":0,"20":0,"21":2,"22":1,"23":1,"24":1,"25":1,"26":1,"27":0,"28":0,"29":1,"30":0,"31":0,"32":2,"33":1,"34":1,"35":0,"36":2,"37":2,"38":2,"39":2,"40":2,"41":2,"42":12,"43":12,"44":12,"45":12,"46":0,"47":0,"48":2,"49":0,"50":0,"51":0,"52":0,"53":2,"54":2,"55":0,"56":0,"57":0,"58":0,"59":0,"60":0,"61":0,"62":0,"63":0,"64":0,"65":0,"66":2,"67":2,"68":1,"69":1,"70":1,"71":1,"72":1,"73":1,"74":0,"75":0,"76":0,"77":0,"78":0,"79":1,"80":2,"81":1,"82":1,"83":1,"84":1,"85":0,"86":0,"87":1,"88":0,"89":0,"90":2,"91":2,"92":2,"93":2,"94":2,"95":2,"96":2,"97":2,"98":2,"99":2,"100":2,"101":2,"102":2,"103":0,"104":0,"105":2,"106":1,"107":1,"108":1,"109":1,"110":1,"111":1,"112":1,"113":1,"114":1,"115":1,"116":1,"117":1,"118":1,"119":0,"120":0,"121":2,"122":1,"123":1,"124":1,"125":1,"126":0,"127":0,"128":2,"129":1,"130":1,"131":1,"132":0,"133":0,"134":2,"135":1,"136":1,"137":1,"138":0,"139":0,"140":2,"141":1,"142":1,"143":4,"144":4,"145":4,"146":4,"147":1,"148":0,"149":0,"150":2,"151":1,"152":1,"153":1,"154":1,"155":1,"156":1,"157":1,"158":0,"159":0,"160":2,"161":1,"162":1,"163":1,"164":0,"165":0},"f":{"0":0,"1":0,"2":0,"3":0,"4":1,"5":1,"6":0,"7":0,"8":1,"9":1,"10":0,"11":2,"12":2,"13":2,"14":12,"15":0,"16":0,"17":0,"18":0,"19":0,"20":0,"21":0,"22":0,"23":1,"24":0,"25":0,"26":0,"27":1,"28":1,"29":1,"30":0,"31":0,"32":2,"33":2,"34":2,"35":2,"36":2,"37":2,"38":0,"39":1,"40":1,"41":1,"42":1,"43":1,"44":1,"45":0,"46":1,"47":1,"48":0,"49":1,"50":1,"51":0,"52":1,"53":1,"54":0,"55":1,"56":1,"57":4,"58":4,"59":0,"60":1,"61":1,"62":1,"63":0,"64":1,"65":1,"66":0},"b":{"0":[0,0],"1":[0,0],"2":[12,0],"3":[0,0],"4":[0,1]},"_coverageSchema":"1a1c01bbd47fc00a2c39e90264f33305004495a9","hash":"801a91b2c067d5d6ac6ab3e4e3f8a46016812280"}
,"E:\\01.CodingMart_Tasks\\Flipzon-Angular\\server\\src\\crons\\revokeSession.js": {"path":"E:\\01.CodingMart_Tasks\\Flipzon-Angular\\server\\src\\crons\\revokeSession.js","statementMap":{"0":{"start":{"line":1,"column":13},"end":{"line":1,"column":59}},"1":{"start":{"line":2,"column":9},"end":{"line":2,"column":29}},"2":{"start":{"line":3,"column":0},"end":{"line":42,"column":2}},"3":{"start":{"line":4,"column":4},"end":{"line":22,"column":6}},"4":{"start":{"line":10,"column":6},"end":{"line":21,"column":7}},"5":{"start":{"line":11,"column":16},"end":{"line":11,"column":77}},"6":{"start":{"line":13,"column":8},"end":{"line":20,"column":9}},"7":{"start":{"line":15,"column":10},"end":{"line":19,"column":12}},"8":{"start":{"line":23,"column":4},"end":{"line":41,"column":6}},"9":{"start":{"line":29,"column":6},"end":{"line":40,"column":7}},"10":{"start":{"line":30,"column":16},"end":{"line":30,"column":77}},"11":{"start":{"line":32,"column":8},"end":{"line":39,"column":9}},"12":{"start":{"line":34,"column":10},"end":{"line":38,"column":12}}},"fnMap":{"0":{"name":"(anonymous_0)","decl":{"start":{"line":3,"column":42},"end":{"line":3,"column":43}},"loc":{"start":{"line":3,"column":52},"end":{"line":42,"column":1}},"line":3},"1":{"name":"(anonymous_1)","decl":{"start":{"line":9,"column":12},"end":{"line":9,"column":13}},"loc":{"start":{"line":9,"column":24},"end":{"line":22,"column":5}},"line":9},"2":{"name":"(anonymous_2)","decl":{"start":{"line":28,"column":12},"end":{"line":28,"column":13}},"loc":{"start":{"line":28,"column":24},"end":{"line":41,"column":5}},"line":28}},"branchMap":{"0":{"loc":{"start":{"line":13,"column":8},"end":{"line":20,"column":9}},"type":"if","locations":[{"start":{"line":13,"column":8},"end":{"line":20,"column":9}},{"start":{"line":13,"column":8},"end":{"line":20,"column":9}}],"line":13},"1":{"loc":{"start":{"line":32,"column":8},"end":{"line":39,"column":9}},"type":"if","locations":[{"start":{"line":32,"column":8},"end":{"line":39,"column":9}},{"start":{"line":32,"column":8},"end":{"line":39,"column":9}}],"line":32}},"s":{"0":2,"1":2,"2":2,"3":0,"4":0,"5":0,"6":0,"7":0,"8":0,"9":0,"10":0,"11":0,"12":0},"f":{"0":0,"1":0,"2":0},"b":{"0":[0,0],"1":[0,0]},"_coverageSchema":"1a1c01bbd47fc00a2c39e90264f33305004495a9","hash":"c5208c2b5e86e887e527dd9ef4288b17d04be19c"}
,"E:\\01.CodingMart_Tasks\\Flipzon-Angular\\server\\src\\db-connect\\dbconnect.js": {"path":"E:\\01.CodingMart_Tasks\\Flipzon-Angular\\server\\src\\db-connect\\dbconnect.js","statementMap":{"0":{"start":{"line":1,"column":0},"end":{"line":5,"column":1}},"1":{"start":{"line":2,"column":23},"end":{"line":2,"column":61}},"2":{"start":{"line":3,"column":17},"end":{"line":3,"column":35}},"3":{"start":{"line":4,"column":4},"end":{"line":4,"column":17}}},"fnMap":{"0":{"name":"(anonymous_0)","decl":{"start":{"line":1,"column":18},"end":{"line":1,"column":19}},"loc":{"start":{"line":1,"column":29},"end":{"line":5,"column":1}},"line":1}},"branchMap":{},"s":{"0":2,"1":8,"2":8,"3":8},"f":{"0":8},"b":{},"_coverageSchema":"1a1c01bbd47fc00a2c39e90264f33305004495a9","hash":"c3b130c4ccf1c0003d0c27f9b37fc9f2371cf68c"}
,"E:\\01.CodingMart_Tasks\\Flipzon-Angular\\server\\src\\routes\\AdminRouter.js": {"path":"E:\\01.CodingMart_Tasks\\Flipzon-Angular\\server\\src\\routes\\AdminRouter.js","statementMap":{"0":{"start":{"line":1,"column":13},"end":{"line":1,"column":30}},"1":{"start":{"line":2,"column":17},"end":{"line":2,"column":34}},"2":{"start":{"line":3,"column":22},"end":{"line":3,"column":63}},"3":{"start":{"line":4,"column":13},"end":{"line":4,"column":30}},"4":{"start":{"line":5,"column":14},"end":{"line":12,"column":2}},"5":{"start":{"line":7,"column":6},"end":{"line":7,"column":43}},"6":{"start":{"line":10,"column":6},"end":{"line":10,"column":51}},"7":{"start":{"line":13,"column":11},"end":{"line":13,"column":36}},"8":{"start":{"line":14,"column":13},"end":{"line":14,"column":40}},"9":{"start":{"line":16,"column":0},"end":{"line":16,"column":53}},"10":{"start":{"line":17,"column":0},"end":{"line":17,"column":66}},"11":{"start":{"line":19,"column":0},"end":{"line":19,"column":70}},"12":{"start":{"line":20,"column":0},"end":{"line":20,"column":66}},"13":{"start":{"line":21,"column":0},"end":{"line":21,"column":62}},"14":{"start":{"line":22,"column":0},"end":{"line":22,"column":60}},"15":{"start":{"line":23,"column":0},"end":{"line":23,"column":66}},"16":{"start":{"line":24,"column":0},"end":{"line":24,"column":100}},"17":{"start":{"line":25,"column":0},"end":{"line":25,"column":62}},"18":{"start":{"line":26,"column":0},"end":{"line":26,"column":60}},"19":{"start":{"line":31,"column":0},"end":{"line":31,"column":21}}},"fnMap":{"0":{"name":"(anonymous_0)","decl":{"start":{"line":6,"column":14},"end":{"line":6,"column":15}},"loc":{"start":{"line":6,"column":35},"end":{"line":8,"column":3}},"line":6},"1":{"name":"(anonymous_1)","decl":{"start":{"line":9,"column":11},"end":{"line":9,"column":12}},"loc":{"start":{"line":9,"column":32},"end":{"line":11,"column":3}},"line":9}},"branchMap":{},"s":{"0":2,"1":2,"2":2,"3":2,"4":2,"5":1,"6":1,"7":2,"8":2,"9":2,"10":2,"11":2,"12":2,"13":2,"14":2,"15":2,"16":2,"17":2,"18":2,"19":2},"f":{"0":1,"1":1},"b":{},"_coverageSchema":"1a1c01bbd47fc00a2c39e90264f33305004495a9","hash":"b77372a65b330e5167088eae7259a1ea8156f246"}
,"E:\\01.CodingMart_Tasks\\Flipzon-Angular\\server\\src\\routes\\UserRouter.js": {"path":"E:\\01.CodingMart_Tasks\\Flipzon-Angular\\server\\src\\routes\\UserRouter.js","statementMap":{"0":{"start":{"line":1,"column":13},"end":{"line":1,"column":30}},"1":{"start":{"line":2,"column":16},"end":{"line":2,"column":32}},"2":{"start":{"line":3,"column":21},"end":{"line":3,"column":61}},"3":{"start":{"line":6,"column":13},"end":{"line":6,"column":40}},"4":{"start":{"line":7,"column":0},"end":{"line":7,"column":52}},"5":{"start":{"line":8,"column":0},"end":{"line":8,"column":46}},"6":{"start":{"line":9,"column":0},"end":{"line":9,"column":58}},"7":{"start":{"line":11,"column":0},"end":{"line":11,"column":53}},"8":{"start":{"line":12,"column":0},"end":{"line":12,"column":57}},"9":{"start":{"line":13,"column":0},"end":{"line":13,"column":62}},"10":{"start":{"line":14,"column":0},"end":{"line":14,"column":60}},"11":{"start":{"line":15,"column":0},"end":{"line":15,"column":50}},"12":{"start":{"line":16,"column":0},"end":{"line":16,"column":75}},"13":{"start":{"line":17,"column":0},"end":{"line":17,"column":62}},"14":{"start":{"line":18,"column":0},"end":{"line":18,"column":63}},"15":{"start":{"line":19,"column":0},"end":{"line":19,"column":68}},"16":{"start":{"line":20,"column":0},"end":{"line":20,"column":67}},"17":{"start":{"line":21,"column":0},"end":{"line":21,"column":52}},"18":{"start":{"line":22,"column":0},"end":{"line":22,"column":65}},"19":{"start":{"line":24,"column":0},"end":{"line":24,"column":21}}},"fnMap":{},"branchMap":{},"s":{"0":2,"1":2,"2":2,"3":2,"4":2,"5":2,"6":2,"7":2,"8":2,"9":2,"10":2,"11":2,"12":2,"13":2,"14":2,"15":2,"16":2,"17":2,"18":2,"19":2},"f":{},"b":{},"_coverageSchema":"1a1c01bbd47fc00a2c39e90264f33305004495a9","hash":"c96a33bd53bc3d545ec6fd6b2776d2fbc901d926"}
}
